0 verbose cli C:\Program Files\nodejs\node.exe C:\Program Files\nodejs\node_modules\npm\bin\npm-cli.js
1 info using npm@10.9.2
2 info using node@v22.17.1
3 silly config load:file:C:\Program Files\nodejs\node_modules\npm\npmrc
4 silly config load:file:C:\Lindan\webs\fin\frontend\.npmrc
5 silly config load:file:C:\Users\LOQ\.npmrc
6 silly config load:file:C:\Users\LOQ\AppData\Roaming\npm\etc\npmrc
7 verbose title npm install
8 verbose argv "install" "--include" "optional" "--cache" "C:\\Lindan\\webs\\fin\\.npm-cache"
9 verbose logfile logs-max:10 dir:C:\Lindan\webs\fin\.npm-cache\_logs\2026-06-11T03_37_45_575Z-
10 verbose logfile C:\Lindan\webs\fin\.npm-cache\_logs\2026-06-11T03_37_45_575Z-debug-0.log
11 silly logfile done cleaning log files
12 silly packumentCache heap:2197815296 maxSize:549453824 maxEntrySize:274726912
13 silly idealTree buildDeps
14 silly reify moves {}
15 silly audit bulk request {
15 silly audit   '@alloc/quick-lru': [ '5.2.0' ],
15 silly audit   '@babel/code-frame': [ '7.29.0' ],
15 silly audit   '@babel/compat-data': [ '7.29.0' ],
15 silly audit   '@babel/core': [ '7.29.0' ],
15 silly audit   '@babel/generator': [ '7.29.1' ],
15 silly audit   '@babel/helper-compilation-targets': [ '7.28.6' ],
15 silly audit   '@babel/helper-globals': [ '7.28.0' ],
15 silly audit   '@babel/helper-module-imports': [ '7.28.6' ],
15 silly audit   '@babel/helper-module-transforms': [ '7.28.6' ],
15 silly audit   '@babel/helper-plugin-utils': [ '7.28.6' ],
15 silly audit   '@babel/helper-string-parser': [ '7.27.1' ],
15 silly audit   '@babel/helper-validator-identifier': [ '7.28.5' ],
15 silly audit   '@babel/helper-validator-option': [ '7.27.1' ],
15 silly audit   '@babel/helpers': [ '7.29.2' ],
15 silly audit   '@babel/parser': [ '7.29.2' ],
15 silly audit   '@babel/plugin-transform-react-jsx-self': [ '7.27.1' ],
15 silly audit   '@babel/plugin-transform-react-jsx-source': [ '7.27.1' ],
15 silly audit   '@babel/runtime': [ '7.29.2' ],
15 silly audit   '@babel/template': [ '7.28.6' ],
15 silly audit   '@babel/traverse': [ '7.29.0' ],
15 silly audit   '@babel/types': [ '7.29.0' ],
15 silly audit   '@esbuild/linux-x64': [ '0.25.12' ],
15 silly audit   '@jridgewell/gen-mapping': [ '0.3.13' ],
15 silly audit   '@jridgewell/remapping': [ '2.3.5' ],
15 silly audit   '@jridgewell/resolve-uri': [ '3.1.2' ],
15 silly audit   '@jridgewell/sourcemap-codec': [ '1.5.5' ],
15 silly audit   '@jridgewell/trace-mapping': [ '0.3.31' ],
15 silly audit   '@nodelib/fs.scandir': [ '2.1.5' ],
15 silly audit   '@nodelib/fs.stat': [ '2.0.5' ],
15 silly audit   '@nodelib/fs.walk': [ '1.2.8' ],
15 silly audit   '@rolldown/pluginutils': [ '1.0.0-beta.27' ],
15 silly audit   '@rollup/rollup-linux-x64-gnu': [ '4.59.0' ],
15 silly audit   '@tanstack/query-core': [ '5.90.20' ],
15 silly audit   '@tanstack/react-query': [ '5.90.21' ],
15 silly audit   '@types/babel__core': [ '7.20.5' ],
15 silly audit   '@types/babel__generator': [ '7.27.0' ],
15 silly audit   '@types/babel__template': [ '7.4.4' ],
15 silly audit   '@types/babel__traverse': [ '7.28.0' ],
15 silly audit   '@types/d3-array': [ '3.2.2' ],
15 silly audit   '@types/d3-color': [ '3.1.3' ],
15 silly audit   '@types/d3-ease': [ '3.0.2' ],
15 silly audit   '@types/d3-interpolate': [ '3.0.4' ],
15 silly audit   '@types/d3-path': [ '3.1.1' ],
15 silly audit   '@types/d3-scale': [ '4.0.9' ],
15 silly audit   '@types/d3-shape': [ '3.1.8' ],
15 silly audit   '@types/d3-time': [ '3.0.4' ],
15 silly audit   '@types/d3-timer': [ '3.0.2' ],
15 silly audit   '@types/estree': [ '1.0.8' ],
15 silly audit   '@types/prop-types': [ '15.7.15' ],
15 silly audit   '@types/react': [ '18.3.28' ],
15 silly audit   '@types/react-dom': [ '18.3.7' ],
15 silly audit   '@vitejs/plugin-react': [ '4.7.0' ],
15 silly audit   'any-promise': [ '1.3.0' ],
15 silly audit   anymatch: [ '3.1.3' ],
15 silly audit   arg: [ '5.0.2' ],
15 silly audit   asynckit: [ '0.4.0' ],
15 silly audit   autoprefixer: [ '10.4.27' ],
15 silly audit   axios: [ '1.13.6' ],
15 silly audit   'baseline-browser-mapping': [ '2.10.8' ],
15 silly audit   'binary-extensions': [ '2.3.0' ],
15 silly audit   braces: [ '3.0.3' ],
15 silly audit   browserslist: [ '4.28.1' ],
15 silly audit   'call-bind-apply-helpers': [ '1.0.2' ],
15 silly audit   'camelcase-css': [ '2.0.1' ],
15 silly audit   'caniuse-lite': [ '1.0.30001780' ],
15 silly audit   chokidar: [ '3.6.0' ],
15 silly audit   'glob-parent': [ '5.1.2', '6.0.2' ],
15 silly audit   clsx: [ '2.1.1' ],
15 silly audit   'combined-stream': [ '1.0.8' ],
15 silly audit   commander: [ '4.1.1' ],
15 silly audit   'convert-source-map': [ '2.0.0' ],
15 silly audit   cookie: [ '1.1.1' ],
15 silly audit   cssesc: [ '3.0.0' ],
15 silly audit   csstype: [ '3.2.3' ],
15 silly audit   'd3-array': [ '3.2.4' ],
15 silly audit   'd3-color': [ '3.1.0' ],
15 silly audit   'd3-ease': [ '3.0.1' ],
15 silly audit   'd3-format': [ '3.1.2' ],
15 silly audit   'd3-interpolate': [ '3.0.1' ],
15 silly audit   'd3-path': [ '3.1.0' ],
15 silly audit   'd3-scale': [ '4.0.2' ],
15 silly audit   'd3-shape': [ '3.2.0' ],
15 silly audit   'd3-time': [ '3.1.0' ],
15 silly audit   'd3-time-format': [ '4.1.0' ],
15 silly audit   'd3-timer': [ '3.0.1' ],
15 silly audit   debug: [ '4.4.3' ],
15 silly audit   'decimal.js-light': [ '2.5.1' ],
15 silly audit   'delayed-stream': [ '1.0.0' ],
15 silly audit   didyoumean: [ '1.2.2' ],
15 silly audit   dlv: [ '1.1.3' ],
15 silly audit   'dom-helpers': [ '5.2.1' ],
15 silly audit   'dunder-proto': [ '1.0.1' ],
15 silly audit   'electron-to-chromium': [ '1.5.313' ],
15 silly audit   'es-define-property': [ '1.0.1' ],
15 silly audit   'es-errors': [ '1.3.0' ],
15 silly audit   'es-object-atoms': [ '1.1.1' ],
15 silly audit   'es-set-tostringtag': [ '2.1.0' ],
15 silly audit   esbuild: [ '0.25.12' ],
15 silly audit   escalade: [ '3.2.0' ],
15 silly audit   eventemitter3: [ '4.0.7' ],
15 silly audit   'fast-equals': [ '5.4.0' ],
15 silly audit   'fast-glob': [ '3.3.3' ],
15 silly audit   fastq: [ '1.20.1' ],
15 silly audit   'fill-range': [ '7.1.1' ],
15 silly audit   'follow-redirects': [ '1.15.11' ],
15 silly audit   'form-data': [ '4.0.5' ],
15 silly audit   'fraction.js': [ '5.3.4' ],
15 silly audit   'function-bind': [ '1.1.2' ],
15 silly audit   gensync: [ '1.0.0-beta.2' ],
15 silly audit   'get-intrinsic': [ '1.3.0' ],
15 silly audit   'get-proto': [ '1.0.1' ],
15 silly audit   gopd: [ '1.2.0' ],
15 silly audit   'has-symbols': [ '1.1.0' ],
15 silly audit   'has-tostringtag': [ '1.0.2' ],
15 silly audit   hasown: [ '2.0.2' ],
15 silly audit   internmap: [ '2.0.3' ],
15 silly audit   'is-binary-path': [ '2.1.0' ],
15 silly audit   'is-core-module': [ '2.16.1' ],
15 silly audit   'is-extglob': [ '2.1.1' ],
15 silly audit   'is-glob': [ '4.0.3' ],
15 silly audit   'is-number': [ '7.0.0' ],
15 silly audit   jiti: [ '1.21.7' ],
15 silly audit   'js-tokens': [ '4.0.0' ],
15 silly audit   jsesc: [ '3.1.0' ],
15 silly audit   json5: [ '2.2.3' ],
15 silly audit   lilconfig: [ '3.1.3' ],
15 silly audit   'lines-and-columns': [ '1.2.4' ],
15 silly audit   lodash: [ '4.17.23' ],
15 silly audit   'loose-envify': [ '1.4.0' ],
15 silly audit   'lru-cache': [ '5.1.1' ],
15 silly audit   'math-intrinsics': [ '1.1.0' ],
15 silly audit   merge2: [ '1.4.1' ],
15 silly audit   micromatch: [ '4.0.8' ],
15 silly audit   'mime-db': [ '1.52.0' ],
15 silly audit   'mime-types': [ '2.1.35' ],
15 silly audit   ms: [ '2.1.3' ],
15 silly audit   mz: [ '2.7.0' ],
15 silly audit   nanoid: [ '3.3.11' ],
15 silly audit   'node-releases': [ '2.0.36' ],
15 silly audit   'normalize-path': [ '3.0.0' ],
15 silly audit   'object-assign': [ '4.1.1' ],
15 silly audit   'object-hash': [ '3.0.0' ],
15 silly audit   'path-parse': [ '1.0.7' ],
15 silly audit   picocolors: [ '1.1.1' ],
15 silly audit   picomatch: [ '2.3.1', '4.0.3' ],
15 silly audit   pify: [ '2.3.0' ],
15 silly audit   pirates: [ '4.0.7' ],
15 silly audit   postcss: [ '8.5.8' ],
15 silly audit   'postcss-import': [ '15.1.0' ],
15 silly audit   'postcss-js': [ '4.1.0' ],
15 silly audit   'postcss-load-config': [ '6.0.1' ],
15 silly audit   'postcss-nested': [ '6.2.0' ],
15 silly audit   'postcss-selector-parser': [ '6.1.2' ],
15 silly audit   'postcss-value-parser': [ '4.2.0' ],
15 silly audit   'prop-types': [ '15.8.1' ],
15 silly audit   'react-is': [ '16.13.1', '18.3.1' ],
15 silly audit   'proxy-from-env': [ '1.1.0' ],
15 silly audit   'queue-microtask': [ '1.2.3' ],
15 silly audit   react: [ '18.3.1' ],
15 silly audit   'react-dom': [ '18.3.1' ],
15 silly audit   'react-refresh': [ '0.17.0' ],
15 silly audit   'react-router': [ '7.13.1' ],
15 silly audit   'react-router-dom': [ '7.13.1' ],
15 silly audit   'react-smooth': [ '4.0.4' ],
15 silly audit   'react-transition-group': [ '4.4.5' ],
15 silly audit   'read-cache': [ '1.0.0' ],
15 silly audit   readdirp: [ '3.6.0' ],
15 silly audit   recharts: [ '2.15.4' ],
15 silly audit   'recharts-scale': [ '0.4.5' ],
15 silly audit   resolve: [ '1.22.11' ],
15 silly audit   reusify: [ '1.1.0' ],
15 silly audit   rollup: [ '4.59.0' ],
15 silly audit   'run-parallel': [ '1.2.0' ],
15 silly audit   scheduler: [ '0.23.2' ],
15 silly audit   semver: [ '6.3.1' ],
15 silly audit   'set-cookie-parser': [ '2.7.2' ],
15 silly audit   'source-map-js': [ '1.2.1' ],
15 silly audit   sucrase: [ '3.35.1' ],
15 silly audit   'supports-preserve-symlinks-flag': [ '1.0.0' ],
15 silly audit   tailwindcss: [ '3.4.19' ],
15 silly audit   thenify: [ '3.3.1' ],
15 silly audit   'thenify-all': [ '1.6.0' ],
15 silly audit   'tiny-invariant': [ '1.3.3' ],
15 silly audit   tinyglobby: [ '0.2.15' ],
15 silly audit   fdir: [ '6.5.0' ],
15 silly audit   'to-regex-range': [ '5.0.1' ],
15 silly audit   'ts-interface-checker': [ '0.1.13' ],
15 silly audit   'update-browserslist-db': [ '1.2.3' ],
15 silly audit   'util-deprecate': [ '1.0.2' ],
15 silly audit   'victory-vendor': [ '36.9.2' ],
15 silly audit   vite: [ '6.4.1' ],
15 silly audit   yallist: [ '3.1.1' ]
15 silly audit }
16 verbose reify failed optional dependency C:\Lindan\webs\fin\frontend\node_modules\@rollup\rollup-linux-x64-gnu
17 silly reify mark deleted [
17 silly reify   'C:\\Lindan\\webs\\fin\\frontend\\node_modules\\@rollup\\rollup-linux-x64-gnu'
17 silly reify ]
18 verbose reify failed optional dependency C:\Lindan\webs\fin\frontend\node_modules\@esbuild\linux-x64
19 silly reify mark deleted [
19 silly reify   'C:\\Lindan\\webs\\fin\\frontend\\node_modules\\@esbuild\\linux-x64'
19 silly reify ]
20 http fetch POST 200 https://registry.npmjs.org/-/npm/v1/security/advisories/bulk 467ms
21 silly audit report {
21 silly audit report   axios: [
21 silly audit report     {
21 silly audit report       id: 1118607,
21 silly audit report       url: 'https://github.com/advisories/GHSA-q8qp-cvcw-x6jj',
21 silly audit report       title: 'Axios has prototype pollution read-side gadgets in HTTP adapter that allow credential injection and request hijacking',
21 silly audit report       severity: 'high',
21 silly audit report       vulnerable_versions: '>=1.0.0 <1.15.2',
21 silly audit report       cwe: [Array],
21 silly audit report       cvss: [Object]
21 silly audit report     },
21 silly audit report     {
21 silly audit report       id: 1119404,
21 silly audit report       url: 'https://github.com/advisories/GHSA-fvcv-3m26-pcqx',
21 silly audit report       title: 'Axios has Unrestricted Cloud Metadata Exfiltration via Header Injection Chain',
21 silly audit report       severity: 'moderate',
21 silly audit report       vulnerable_versions: '>=1.0.0 <1.15.0',
21 silly audit report       cwe: [Array],
21 silly audit report       cvss: [Object]
21 silly audit report     },
21 silly audit report     {
21 silly audit report       id: 1119667,
21 silly audit report       url: 'https://github.com/advisories/GHSA-pjwm-pj3p-43mv',
21 silly audit report       title: "axios's shouldBypassProxy does not recognize IPv4-mapped IPv6 addresses, allowing NO_PROXY bypass (incomplete fix for CVE-2025-62718)",
21 silly audit report       severity: 'high',
21 silly audit report       vulnerable_versions: '>=1.0.0 <1.16.0',
21 silly audit report       cwe: [Array],
21 silly audit report       cvss: [Object]
21 silly audit report     },
21 silly audit report     {
21 silly audit report       id: 1119669,
21 silly audit report       url: 'https://github.com/advisories/GHSA-898c-q2cr-xwhg',
21 silly audit report       title: 'axios has DoS & Header Injection via Prototype Pollution Read-Side Gadgets in axios merge functions',
21 silly audit report       severity: 'moderate',
21 silly audit report       vulnerable_versions: '>=1.0.0 <1.16.0',
21 silly audit report       cwe: [Array],
21 silly audit report       cvss: [Object]
21 silly audit report     },
21 silly audit report     {
21 silly audit report       id: 1119674,
21 silly audit report       url: 'https://github.com/advisories/GHSA-3g43-6gmg-66jw',
21 silly audit report       title: 'axios Vulnerable to Credential Theft and Response Hijacking via Prototype Pollution Gadget in Config Merge',
21 silly audit report       severity: 'high',
21 silly audit report       vulnerable_versions: '>=1.0.0 <1.15.2',
21 silly audit report       cwe: [Array],
21 silly audit report       cvss: [Object]
21 silly audit report     },
21 silly audit report     {
21 silly audit report       id: 1119675,
21 silly audit report       url: 'https://github.com/advisories/GHSA-35jp-ww65-95wh',
21 silly audit report       title: 'axios Vulnerable to Full Man-in-the-Middle via Prototype Pollution Gadget in `config.proxy`',
21 silly audit report       severity: 'high',
21 silly audit report       vulnerable_versions: '>=1.0.0 <1.16.0',
21 silly audit report       cwe: [Array],
21 silly audit report       cvss: [Object]
21 silly audit report     },
21 silly audit report     {
21 silly audit report       id: 1120073,
21 silly audit report       url: 'https://github.com/advisories/GHSA-hfxv-24rg-xrqf',
21 silly audit report       title: 'Axios: Regular Expression Denial of Service (ReDoS) via Cookie Name Injection',
21 silly audit report       severity: 'high',
21 silly audit report       vulnerable_versions: '>=1.0.0 <1.16.0',
21 silly audit report       cwe: [Array],
21 silly audit report       cvss: [Object]
21 silly audit report     },
21 silly audit report     {
21 silly audit report       id: 1120074,
21 silly audit report       url: 'https://github.com/advisories/GHSA-777c-7fjr-54vf',
21 silly audit report       title: 'Allocation of Resources Without Limits or Throttling in Axios',
21 silly audit report       severity: 'high',
21 silly audit report       vulnerable_versions: '>=1.7.0 <1.16.0',
21 silly audit report       cwe: [Array],
21 silly audit report       cvss: [Object]
21 silly audit report     },
21 silly audit report     {
21 silly audit report       id: 1120076,
21 silly audit report       url: 'https://github.com/advisories/GHSA-p92q-9vqr-4j8v',
21 silly audit report       title: 'Axios: Proxy-Authorization Credential Leak to Origin Server Across HTTP-to-HTTPS Redirect in Axios Node.js HTTP Adapter',
21 silly audit report       severity: 'high',
21 silly audit report       vulnerable_versions: '>=1.0.0 <1.16.0',
21 silly audit report       cwe: [Array],
21 silly audit report       cvss: [Object]
21 silly audit report     },
21 silly audit report     {
21 silly audit report       id: 1120078,
21 silly audit report       url: 'https://github.com/advisories/GHSA-j5f8-grm9-p9fc',
21 silly audit report       title: 'Axios: Proxy-Authorization header leaks to redirect target when proxy is re-evaluated to direct connection',
21 silly audit report       severity: 'high',
21 silly audit report       vulnerable_versions: '>=1.0.0 <1.16.0',
21 silly audit report       cwe: [Array],
21 silly audit report       cvss: [Object]
21 silly audit report     },
21 silly audit report     {
21 silly audit report       id: 1120125,
21 silly audit report       url: 'https://github.com/advisories/GHSA-62hf-57xw-28j9',
21 silly audit report       title: 'Axios: unbounded recursion in toFormData causes DoS via deeply nested request data',
21 silly audit report       severity: 'moderate',
21 silly audit report       vulnerable_versions: '>=1.0.0 <1.15.1',
21 silly audit report       cwe: [Array],
21 silly audit report       cvss: [Object]
21 silly audit report     },
21 silly audit report     {
21 silly audit report       id: 1116673,
21 silly audit report       url: 'https://github.com/advisories/GHSA-3p68-rc4w-qgx5',
21 silly audit report       title: 'Axios has a NO_PROXY Hostname Normalization Bypass that Leads to SSRF',
21 silly audit report       severity: 'moderate',
21 silly audit report       vulnerable_versions: '>=1.0.0 <1.15.0',
21 silly audit report       cwe: [Array],
21 silly audit report       cvss: [Object]
21 silly audit report     },
21 silly audit report     {
21 silly audit report       id: 1117574,
21 silly audit report       url: 'https://github.com/advisories/GHSA-w9j2-pvgh-6h63',
21 silly audit report       title: 'Axios: Authentication Bypass via Prototype Pollution Gadget in `validateStatus` Merge Strategy',
21 silly audit report       severity: 'moderate',
21 silly audit report       vulnerable_versions: '>=1.0.0 <1.15.1',
21 silly audit report       cwe: [Array],
21 silly audit report       cvss: [Object]
21 silly audit report     },
21 silly audit report     {
21 silly audit report       id: 1117576,
21 silly audit report       url: 'https://github.com/advisories/GHSA-pmwg-cvhr-8vh7',
21 silly audit report       title: 'Axios: Incomplete Fix for CVE-2025-62718 — NO_PROXY Protection Bypassed via RFC 1122 Loopback Subnet (127.0.0.0/8) in Axios 1.15.0',
21 silly audit report       severity: 'high',
21 silly audit report       vulnerable_versions: '>=1.0.0 <1.15.1',
21 silly audit report       cwe: [Array],
21 silly audit report       cvss: [Object]
21 silly audit report     },
21 silly audit report     {
21 silly audit report       id: 1117577,
21 silly audit report       url: 'https://github.com/advisories/GHSA-3w6x-2g7m-8v23',
21 silly audit report       title: 'Axios: Invisible JSON Response Tampering via Prototype Pollution Gadget in `parseReviver`',
21 silly audit report       severity: 'moderate',
21 silly audit report       vulnerable_versions: '>=1.0.0 <1.15.2',
21 silly audit report       cwe: [Array],
21 silly audit report       cvss: [Object]
21 silly audit report     },
21 silly audit report     {
21 silly audit report       id: 1117580,
21 silly audit report       url: 'https://github.com/advisories/GHSA-xhjh-pmcv-23jw',
21 silly audit report       title: 'Axios: Null Byte Injection via Reverse-Encoding in AxiosURLSearchParams',
21 silly audit report       severity: 'low',
21 silly audit report       vulnerable_versions: '>=1.0.0 <1.15.1',
21 silly audit report       cwe: [Array],
21 silly audit report       cvss: [Object]
21 silly audit report     },
21 silly audit report     {
21 silly audit report       id: 1117581,
21 silly audit report       url: 'https://github.com/advisories/GHSA-445q-vr5w-6q77',
21 silly audit report       title: 'Axios: CRLF Injection in multipart/form-data body via unsanitized blob.type in formDataToStream',
21 silly audit report       severity: 'moderate',
21 silly audit report       vulnerable_versions: '>=1.0.0 <1.15.1',
21 silly audit report       cwe: [Array],
21 silly audit report       cvss: [Object]
21 silly audit report     },
21 silly audit report     {
21 silly audit report       id: 1117583,
21 silly audit report       url: 'https://github.com/advisories/GHSA-m7pr-hjqh-92cm',
21 silly audit report       title: 'Axios: no_proxy bypass via IP alias allows SSRF',
21 silly audit report       severity: 'moderate',
21 silly audit report       vulnerable_versions: '>=1.0.0 <1.15.1',
21 silly audit report       cwe: [Array],
21 silly audit report       cvss: [Object]
21 silly audit report     },
21 silly audit report     {
21 silly audit report       id: 1117587,
21 silly audit report       url: 'https://github.com/advisories/GHSA-5c9x-8gcm-mpgx',
21 silly audit report       title: "Axios' HTTP adapter-streamed uploads bypass maxBodyLength when maxRedirects: 0",
21 silly audit report       severity: 'moderate',
21 silly audit report       vulnerable_versions: '>=1.0.0 <1.15.1',
21 silly audit report       cwe: [Array],
21 silly audit report       cvss: [Object]
21 silly audit report     },
21 silly audit report     {
21 silly audit report       id: 1117589,
21 silly audit report       url: 'https://github.com/advisories/GHSA-vf2m-468p-8v99',
21 silly audit report       title: 'Axios: HTTP adapter streamed responses bypass maxContentLength',
21 silly audit report       severity: 'moderate',
21 silly audit report       vulnerable_versions: '>=1.0.0 <1.15.1',
21 silly audit report       cwe: [Array],
21 silly audit report       cvss: [Object]
21 silly audit report     },
21 silly audit report     {
21 silly audit report       id: 1117591,
21 silly audit report       url: 'https://github.com/advisories/GHSA-pf86-5x62-jrwf',
21 silly audit report       title: 'Axios: Prototype Pollution Gadgets - Response Tampering, Data Exfiltration, and Request Hijacking',
21 silly audit report       severity: 'high',
21 silly audit report       vulnerable_versions: '>=1.0.0 <1.15.1',
21 silly audit report       cwe: [Array],
21 silly audit report       cvss: [Object]
21 silly audit report     },
21 silly audit report     {
21 silly audit report       id: 1117593,
21 silly audit report       url: 'https://github.com/advisories/GHSA-6chq-wfr3-2hj9',
21 silly audit report       title: 'Axios: Header Injection via Prototype Pollution',
21 silly audit report       severity: 'high',
21 silly audit report       vulnerable_versions: '>=1.0.0 <1.15.1',
21 silly audit report       cwe: [Array],
21 silly audit report       cvss: [Object]
21 silly audit report     },
21 silly audit report     {
21 silly audit report       id: 1117595,
21 silly audit report       url: 'https://github.com/advisories/GHSA-xx6v-rp6x-q39c',
21 silly audit report       title: 'Axios: XSRF Token Cross-Origin Leakage via Prototype Pollution Gadget in `withXSRFToken` Boolean Coercion',
21 silly audit report       severity: 'moderate',
21 silly audit report       vulnerable_versions: '>=1.0.0 <1.15.1',
21 silly audit report       cwe: [Array],
21 silly audit report       cvss: [Object]
21 silly audit report     }
21 silly audit report   ],
21 silly audit report   'follow-redirects': [
21 silly audit report     {
21 silly audit report       id: 1116560,
21 silly audit report       url: 'https://github.com/advisories/GHSA-r4q5-vmmm-2653',
21 silly audit report       title: 'follow-redirects leaks Custom Authentication Headers to Cross-Domain Redirect Targets',
21 silly audit report       severity: 'moderate',
21 silly audit report       vulnerable_versions: '<=1.15.11',
21 silly audit report       cwe: [Array],
21 silly audit report       cvss: [Object]
21 silly audit report     }
21 silly audit report   ],
21 silly audit report   lodash: [
21 silly audit report     {
21 silly audit report       id: 1115806,
21 silly audit report       url: 'https://github.com/advisories/GHSA-r5fr-rjxr-66jc',
21 silly audit report       title: 'lodash vulnerable to Code Injection via `_.template` imports key names',
21 silly audit report       severity: 'high',
21 silly audit report       vulnerable_versions: '>=4.0.0 <=4.17.23',
21 silly audit report       cwe: [Array],
21 silly audit report       cvss: [Object]
21 silly audit report     },
21 silly audit report     {
21 silly audit report       id: 1115810,
21 silly audit report       url: 'https://github.com/advisories/GHSA-f23m-r3pf-42rh',
21 silly audit report       title: 'lodash vulnerable to Prototype Pollution via array path bypass in `_.unset` and `_.omit`',
21 silly audit report       severity: 'moderate',
21 silly audit report       vulnerable_versions: '<=4.17.23',
21 silly audit report       cwe: [Array],
21 silly audit report       cvss: [Object]
21 silly audit report     }
21 silly audit report   ],
21 silly audit report   picomatch: [
21 silly audit report     {
21 silly audit report       id: 1115549,
21 silly audit report       url: 'https://github.com/advisories/GHSA-3v7f-55p6-f55p',
21 silly audit report       title: 'Picomatch: Method Injection in POSIX Character Classes causes incorrect Glob Matching',
21 silly audit report       severity: 'moderate',
21 silly audit report       vulnerable_versions: '<2.3.2',
21 silly audit report       cwe: [Array],
21 silly audit report       cvss: [Object]
21 silly audit report     },
21 silly audit report     {
21 silly audit report       id: 1115551,
21 silly audit report       url: 'https://github.com/advisories/GHSA-3v7f-55p6-f55p',
21 silly audit report       title: 'Picomatch: Method Injection in POSIX Character Classes causes incorrect Glob Matching',
21 silly audit report       severity: 'moderate',
21 silly audit report       vulnerable_versions: '>=4.0.0 <4.0.4',
21 silly audit report       cwe: [Array],
21 silly audit report       cvss: [Object]
21 silly audit report     },
21 silly audit report     {
21 silly audit report       id: 1115552,
21 silly audit report       url: 'https://github.com/advisories/GHSA-c2c7-rcm5-vvqj',
21 silly audit report       title: 'Picomatch has a ReDoS vulnerability via extglob quantifiers',
21 silly audit report       severity: 'high',
21 silly audit report       vulnerable_versions: '<2.3.2',
21 silly audit report       cwe: [Array],
21 silly audit report       cvss: [Object]
21 silly audit report     },
21 silly audit report     {
21 silly audit report       id: 1115554,
21 silly audit report       url: 'https://github.com/advisories/GHSA-c2c7-rcm5-vvqj',
21 silly audit report       title: 'Picomatch has a ReDoS vulnerability via extglob quantifiers',
21 silly audit report       severity: 'high',
21 silly audit report       vulnerable_versions: '>=4.0.0 <4.0.4',
21 silly audit report       cwe: [Array],
21 silly audit report       cvss: [Object]
21 silly audit report     }
21 silly audit report   ],
21 silly audit report   postcss: [
21 silly audit report     {
21 silly audit report       id: 1117015,
21 silly audit report       url: 'https://github.com/advisories/GHSA-qx2v-qp2m-jg93',
21 silly audit report       title: 'PostCSS has XSS via Unescaped </style> in its CSS Stringify Output',
21 silly audit report       severity: 'moderate',
21 silly audit report       vulnerable_versions: '<8.5.10',
21 silly audit report       cwe: [Array],
21 silly audit report       cvss: [Object]
21 silly audit report     }
21 silly audit report   ],
21 silly audit report   'react-router': [
21 silly audit report     {
21 silly audit report       id: 1120063,
21 silly audit report       url: 'https://github.com/advisories/GHSA-49rj-9fvp-4h2h',
21 silly audit report       title: "React Router's vendored turbo-stream v2 allows arbitrary constructor invocation via TYPE_ERROR deserialization leading to Unauth RCE",
21 silly audit report       severity: 'high',
21 silly audit report       vulnerable_versions: '>=7.0.0 <=7.14.1',
21 silly audit report       cwe: [Array],
21 silly audit report       cvss: [Object]
21 silly audit report     },
21 silly audit report     {
21 silly audit report       id: 1120065,
21 silly audit report       url: 'https://github.com/advisories/GHSA-2j2x-hqr9-3h42',
21 silly audit report       title: "React Router's same-origin redirect with path starting // causes open redirect via protocol-relative URL reinterpretation",
21 silly audit report       severity: 'moderate',
21 silly audit report       vulnerable_versions: '>=7.0.0 <7.14.1',
21 silly audit report       cwe: [Array],
21 silly audit report       cvss: [Object]
21 silly audit report     },
21 silly audit report     {
21 silly audit report       id: 1120066,
21 silly audit report       url: 'https://github.com/advisories/GHSA-8646-j5j9-6r62',
21 silly audit report       title: 'React Router vulnerable to XSS in unstable RSC redirect handling via javascript: redirect targets',
21 silly audit report       severity: 'high',
21 silly audit report       vulnerable_versions: '>=7.7.0 <7.13.2',
21 silly audit report       cwe: [Array],
21 silly audit report       cvss: [Object]
21 silly audit report     },
21 silly audit report     {
21 silly audit report       id: 1120067,
21 silly audit report       url: 'https://github.com/advisories/GHSA-f22v-gfqf-p8f3',
21 silly audit report       title: 'React Router has stored XSS via unescaped Location header in prerendered redirect HTML',
21 silly audit report       severity: 'moderate',
21 silly audit report       vulnerable_versions: '>=7.5.1 <7.13.2',
21 silly audit report       cwe: [Array],
21 silly audit report       cvss: [Object]
21 silly audit report     },
21 silly audit report     {
21 silly audit report       id: 1120069,
21 silly audit report       url: 'https://github.com/advisories/GHSA-8x6r-g9mw-2r78',
21 silly audit report       title: 'React Router vulnerable to DoS via unbounded path expansion in __manifest endpoint',
21 silly audit report       severity: 'high',
21 silly audit report       vulnerable_versions: '>=7.0.0 <7.15.0',
21 silly audit report       cwe: [Array],
21 silly audit report       cvss: [Object]
21 silly audit report     },
21 silly audit report     {
21 silly audit report       id: 1120081,
21 silly audit report       url: 'https://github.com/advisories/GHSA-rxv8-25v2-qmq8',
21 silly audit report       title: 'React Router vulnerable to Denial of Service via reflected user input in single-fetch',
21 silly audit report       severity: 'high',
21 silly audit report       vulnerable_versions: '>=7.0.0 <7.14.0',
21 silly audit report       cwe: [Array],
21 silly audit report       cvss: [Object]
21 silly audit report     }
21 silly audit report   ],
21 silly audit report   vite: [
21 silly audit report     {
21 silly audit report       id: 1116229,
21 silly audit report       url: 'https://github.com/advisories/GHSA-4w7w-66w2-5vf9',
21 silly audit report       title: 'Vite Vulnerable to Path Traversal in Optimized Deps `.map` Handling',
21 silly audit report       severity: 'moderate',
21 silly audit report       vulnerable_versions: '<=6.4.1',
21 silly audit report       cwe: [Array],
21 silly audit report       cvss: [Object]
21 silly audit report     },
21 silly audit report     {
21 silly audit report       id: 1116234,
21 silly audit report       url: 'https://github.com/advisories/GHSA-p9ff-h696-f583',
21 silly audit report       title: 'Vite Vulnerable to Arbitrary File Read via Vite Dev Server WebSocket',
21 silly audit report       severity: 'high',
21 silly audit report       vulnerable_versions: '>=6.0.0 <=6.4.1',
21 silly audit report       cwe: [Array],
21 silly audit report       cvss: [Object]
21 silly audit report     }
21 silly audit report   ]
21 silly audit report }
22 silly packumentCache corgi:https://registry.npmjs.org/axios cache-miss
23 silly packumentCache corgi:https://registry.npmjs.org/follow-redirects cache-miss
24 silly packumentCache corgi:https://registry.npmjs.org/lodash cache-miss
25 silly packumentCache corgi:https://registry.npmjs.org/picomatch cache-miss
26 silly packumentCache corgi:https://registry.npmjs.org/postcss cache-miss
27 silly packumentCache corgi:https://registry.npmjs.org/react-router cache-miss
28 silly packumentCache corgi:https://registry.npmjs.org/vite cache-miss
29 http cache https://registry.npmjs.org/follow-redirects 20ms (cache hit)
30 silly packumentCache corgi:https://registry.npmjs.org/follow-redirects set size:88479 disposed:false
31 http cache https://registry.npmjs.org/axios 24ms (cache hit)
32 silly packumentCache corgi:https://registry.npmjs.org/axios set size:292409 disposed:false
33 http cache https://registry.npmjs.org/picomatch 32ms (cache hit)
34 silly packumentCache corgi:https://registry.npmjs.org/picomatch set size:44414 disposed:false
35 http cache https://registry.npmjs.org/postcss 34ms (cache hit)
36 silly packumentCache corgi:https://registry.npmjs.org/postcss set size:344717 disposed:false
37 http cache https://registry.npmjs.org/vite 38ms (cache hit)
38 silly packumentCache corgi:https://registry.npmjs.org/vite set size:2261551 disposed:false
39 http cache https://registry.npmjs.org/lodash 53ms (cache hit)
40 silly packumentCache corgi:https://registry.npmjs.org/lodash set size:69555 disposed:false
41 http cache https://registry.npmjs.org/react-router 56ms (cache hit)
42 silly packumentCache corgi:https://registry.npmjs.org/react-router set size:1333656 disposed:false
43 silly packumentCache corgi:https://registry.npmjs.org/recharts cache-miss
44 http cache https://registry.npmjs.org/recharts 5ms (cache hit)
45 silly packumentCache corgi:https://registry.npmjs.org/recharts set size:837908 disposed:false
46 silly packumentCache corgi:https://registry.npmjs.org/anymatch cache-miss
47 silly packumentCache corgi:https://registry.npmjs.org/micromatch cache-miss
48 silly packumentCache corgi:https://registry.npmjs.org/readdirp cache-miss
49 http cache https://registry.npmjs.org/anymatch 8ms (cache hit)
50 silly packumentCache corgi:https://registry.npmjs.org/anymatch set size:18345 disposed:false
51 http cache https://registry.npmjs.org/readdirp 8ms (cache hit)
52 silly packumentCache corgi:https://registry.npmjs.org/readdirp set size:47123 disposed:false
53 http cache https://registry.npmjs.org/micromatch 9ms (cache hit)
54 silly packumentCache corgi:https://registry.npmjs.org/micromatch set size:71776 disposed:false
55 silly packumentCache corgi:https://registry.npmjs.org/tinyglobby cache-miss
56 silly packumentCache corgi:https://registry.npmjs.org/fdir cache-miss
57 http cache https://registry.npmjs.org/fdir 6ms (cache hit)
58 silly packumentCache corgi:https://registry.npmjs.org/fdir set size:76905 disposed:false
59 http cache https://registry.npmjs.org/tinyglobby 7ms (cache hit)
60 silly packumentCache corgi:https://registry.npmjs.org/tinyglobby set size:19921 disposed:false
61 silly packumentCache corgi:https://registry.npmjs.org/autoprefixer cache-miss
62 silly packumentCache corgi:https://registry.npmjs.org/postcss-import cache-miss
63 silly packumentCache corgi:https://registry.npmjs.org/postcss-js cache-miss
64 silly packumentCache corgi:https://registry.npmjs.org/postcss-load-config cache-miss
65 silly packumentCache corgi:https://registry.npmjs.org/postcss-nested cache-miss
66 silly packumentCache corgi:https://registry.npmjs.org/tailwindcss cache-miss
67 http cache https://registry.npmjs.org/postcss-load-config 9ms (cache hit)
68 silly packumentCache corgi:https://registry.npmjs.org/postcss-load-config set size:37999 disposed:false
69 http cache https://registry.npmjs.org/postcss-import 11ms (cache hit)
70 silly packumentCache corgi:https://registry.npmjs.org/postcss-import set size:52251 disposed:false
71 http cache https://registry.npmjs.org/autoprefixer 12ms (cache hit)
72 silly packumentCache corgi:https://registry.npmjs.org/autoprefixer set size:298545 disposed:false
73 http cache https://registry.npmjs.org/postcss-nested 15ms (cache hit)
74 silly packumentCache corgi:https://registry.npmjs.org/postcss-nested set size:41645 disposed:false
75 http cache https://registry.npmjs.org/postcss-js 16ms (cache hit)
76 silly packumentCache corgi:https://registry.npmjs.org/postcss-js set size:25314 disposed:false
77 http cache https://registry.npmjs.org/tailwindcss 24ms (cache hit)
78 silly packumentCache corgi:https://registry.npmjs.org/tailwindcss set size:4728637 disposed:false
79 silly packumentCache corgi:https://registry.npmjs.org/react-router-dom cache-miss
80 http cache https://registry.npmjs.org/react-router-dom 5ms (cache hit)
81 silly packumentCache corgi:https://registry.npmjs.org/react-router-dom set size:1058676 disposed:false
82 silly packumentCache corgi:https://registry.npmjs.org/@vitejs%2fplugin-react cache-miss
83 http cache https://registry.npmjs.org/@vitejs%2fplugin-react 6ms (cache hit)
84 silly packumentCache corgi:https://registry.npmjs.org/@vitejs%2fplugin-react set size:113751 disposed:false
85 silly ADD
86 silly ADD
87 verbose cwd C:\Lindan\webs\fin\frontend
88 verbose os Windows_NT 10.0.26200
89 verbose node v22.17.1
90 verbose npm  v10.9.2
91 verbose exit 0
92 info ok
