0 verbose cli C:\Program Files\nodejs\node.exe C:\Program Files\nodejs\node_modules\npm\bin\npm-cli.js
1 info using npm@10.9.2
2 info using node@v22.17.1
3 silly config load:file:C:\Program Files\nodejs\node_modules\npm\npmrc
4 silly config load:file:C:\Lindan\webs\fin\frontend\node_modules\esbuild\lib\npm-install\.npmrc
5 silly config load:file:C:\Users\LOQ\.npmrc
6 silly config load:file:C:\Users\LOQ\AppData\Roaming\npm\etc\npmrc
7 verbose title npm install @esbuild/win32-x64@0.25.12
8 verbose argv "install" "--loglevel" "error" "--prefer-offline" "--no-audit" "--progress" "false" "@esbuild/win32-x64@0.25.12"
9 verbose logfile logs-max:10 dir:C:\Lindan\webs\fin\.npm-cache\_logs\2026-06-11T04_30_57_625Z-
10 verbose logfile C:\Lindan\webs\fin\.npm-cache\_logs\2026-06-11T04_30_57_625Z-debug-0.log
11 silly logfile done cleaning log files
12 silly packumentCache heap:2197815296 maxSize:549453824 maxEntrySize:274726912
13 silly idealTree buildDeps
14 silly fetch manifest @esbuild/win32-x64@0.25.12
15 silly packumentCache full:https://registry.npmjs.org/@esbuild%2fwin32-x64 cache-miss
16 http fetch GET 200 https://registry.npmjs.org/@esbuild%2fwin32-x64 13ms (cache stale)
17 silly packumentCache full:https://registry.npmjs.org/@esbuild%2fwin32-x64 set size:194073 disposed:false
18 silly placeDep ROOT @esbuild/win32-x64@0.25.12 OK for:  want: 0.25.12
19 silly reify moves {}
20 http cache @esbuild/win32-x64@https://registry.npmjs.org/@esbuild/win32-x64/-/win32-x64-0.25.12.tgz 0ms (cache hit)
21 silly ADD node_modules/@esbuild/win32-x64
22 verbose cwd C:\Lindan\webs\fin\frontend\node_modules\esbuild\lib\npm-install
23 verbose os Windows_NT 10.0.26200
24 verbose node v22.17.1
25 verbose npm  v10.9.2
26 verbose exit 0
27 info ok
