0 verbose cli C:\Program Files\nodejs\node.exe C:\Program Files\nodejs\node_modules\npm\bin\npm-cli.js
1 info using npm@10.9.2
2 info using node@v22.17.1
3 silly config load:file:C:\Program Files\nodejs\node_modules\npm\npmrc
4 silly config load:file:C:\Lindan\webs\fin\frontend\.npmrc
5 silly config load:file:C:\Users\LOQ\.npmrc
6 silly config load:file:C:\Users\LOQ\AppData\Roaming\npm\etc\npmrc
7 verbose title npm install @rollup/rollup-win32-x64-msvc@4.53.3
8 verbose argv "install" "@rollup/rollup-win32-x64-msvc@4.53.3" "--save-dev" "--cache" "C:\\Lindan\\webs\\fin\\.npm-cache"
9 verbose logfile logs-max:10 dir:C:\Lindan\webs\fin\.npm-cache\_logs\2026-06-11T03_37_54_571Z-
10 verbose logfile C:\Lindan\webs\fin\.npm-cache\_logs\2026-06-11T03_37_54_571Z-debug-0.log
11 silly logfile done cleaning log files
12 silly packumentCache heap:2197815296 maxSize:549453824 maxEntrySize:274726912
13 silly idealTree buildDeps
14 silly fetch manifest @rollup/rollup-win32-x64-msvc@4.53.3
15 silly packumentCache full:https://registry.npmjs.org/@rollup%2frollup-win32-x64-msvc cache-miss
16 http fetch GET 200 https://registry.npmjs.org/@rollup%2frollup-win32-x64-msvc 379ms (cache miss)
17 silly packumentCache full:https://registry.npmjs.org/@rollup%2frollup-win32-x64-msvc set size:undefined disposed:false
18 silly placeDep ROOT @rollup/rollup-win32-x64-msvc@4.53.3 OK for: shark-fin-frontend@0.1.0 want: 4.53.3
19 silly fetch manifest @rollup/rollup-android-arm-eabi@4.59.0
20 silly packumentCache full:https://registry.npmjs.org/@rollup%2frollup-android-arm-eabi cache-miss
21 http fetch GET 200 https://registry.npmjs.org/@rollup%2frollup-android-arm-eabi 182ms (cache miss)
22 silly packumentCache full:https://registry.npmjs.org/@rollup%2frollup-android-arm-eabi set size:undefined disposed:false
23 silly fetch manifest @rollup/rollup-android-arm64@4.59.0
24 silly packumentCache full:https://registry.npmjs.org/@rollup%2frollup-android-arm64 cache-miss
25 http fetch GET 200 https://registry.npmjs.org/@rollup%2frollup-android-arm64 184ms (cache miss)
26 silly packumentCache full:https://registry.npmjs.org/@rollup%2frollup-android-arm64 set size:undefined disposed:false
27 silly fetch manifest @rollup/rollup-darwin-arm64@4.59.0
28 silly packumentCache full:https://registry.npmjs.org/@rollup%2frollup-darwin-arm64 cache-miss
29 http fetch GET 200 https://registry.npmjs.org/@rollup%2frollup-darwin-arm64 174ms (cache miss)
30 silly packumentCache full:https://registry.npmjs.org/@rollup%2frollup-darwin-arm64 set size:undefined disposed:false
31 silly fetch manifest @rollup/rollup-darwin-x64@4.59.0
32 silly packumentCache full:https://registry.npmjs.org/@rollup%2frollup-darwin-x64 cache-miss
33 http fetch GET 200 https://registry.npmjs.org/@rollup%2frollup-darwin-x64 155ms (cache miss)
34 silly packumentCache full:https://registry.npmjs.org/@rollup%2frollup-darwin-x64 set size:undefined disposed:false
35 silly fetch manifest @rollup/rollup-freebsd-arm64@4.59.0
36 silly packumentCache full:https://registry.npmjs.org/@rollup%2frollup-freebsd-arm64 cache-miss
37 http fetch GET 200 https://registry.npmjs.org/@rollup%2frollup-freebsd-arm64 125ms (cache miss)
38 silly packumentCache full:https://registry.npmjs.org/@rollup%2frollup-freebsd-arm64 set size:undefined disposed:false
39 silly fetch manifest @rollup/rollup-freebsd-x64@4.59.0
40 silly packumentCache full:https://registry.npmjs.org/@rollup%2frollup-freebsd-x64 cache-miss
41 http fetch GET 200 https://registry.npmjs.org/@rollup%2frollup-freebsd-x64 184ms (cache miss)
42 silly packumentCache full:https://registry.npmjs.org/@rollup%2frollup-freebsd-x64 set size:undefined disposed:false
43 silly fetch manifest @rollup/rollup-linux-arm-gnueabihf@4.59.0
44 silly packumentCache full:https://registry.npmjs.org/@rollup%2frollup-linux-arm-gnueabihf cache-miss
45 http fetch GET 200 https://registry.npmjs.org/@rollup%2frollup-linux-arm-gnueabihf 154ms (cache miss)
46 silly packumentCache full:https://registry.npmjs.org/@rollup%2frollup-linux-arm-gnueabihf set size:undefined disposed:false
47 silly fetch manifest @rollup/rollup-linux-arm-musleabihf@4.59.0
48 silly packumentCache full:https://registry.npmjs.org/@rollup%2frollup-linux-arm-musleabihf cache-miss
49 http fetch GET 200 https://registry.npmjs.org/@rollup%2frollup-linux-arm-musleabihf 129ms (cache miss)
50 silly packumentCache full:https://registry.npmjs.org/@rollup%2frollup-linux-arm-musleabihf set size:undefined disposed:false
51 silly fetch manifest @rollup/rollup-linux-arm64-gnu@4.59.0
52 silly packumentCache full:https://registry.npmjs.org/@rollup%2frollup-linux-arm64-gnu cache-miss
53 http fetch GET 200 https://registry.npmjs.org/@rollup%2frollup-linux-arm64-gnu 160ms (cache miss)
54 silly packumentCache full:https://registry.npmjs.org/@rollup%2frollup-linux-arm64-gnu set size:undefined disposed:false
55 silly fetch manifest @rollup/rollup-linux-arm64-musl@4.59.0
56 silly packumentCache full:https://registry.npmjs.org/@rollup%2frollup-linux-arm64-musl cache-miss
57 http fetch GET 200 https://registry.npmjs.org/@rollup%2frollup-linux-arm64-musl 135ms (cache miss)
58 silly packumentCache full:https://registry.npmjs.org/@rollup%2frollup-linux-arm64-musl set size:undefined disposed:false
59 silly fetch manifest @rollup/rollup-linux-loong64-gnu@4.59.0
60 silly packumentCache full:https://registry.npmjs.org/@rollup%2frollup-linux-loong64-gnu cache-miss
61 http fetch GET 200 https://registry.npmjs.org/@rollup%2frollup-linux-loong64-gnu 89ms (cache miss)
62 silly packumentCache full:https://registry.npmjs.org/@rollup%2frollup-linux-loong64-gnu set size:undefined disposed:false
63 silly fetch manifest @rollup/rollup-linux-loong64-musl@4.59.0
64 silly packumentCache full:https://registry.npmjs.org/@rollup%2frollup-linux-loong64-musl cache-miss
65 http fetch GET 200 https://registry.npmjs.org/@rollup%2frollup-linux-loong64-musl 113ms (cache miss)
66 silly packumentCache full:https://registry.npmjs.org/@rollup%2frollup-linux-loong64-musl set size:undefined disposed:false
67 silly fetch manifest @rollup/rollup-linux-ppc64-gnu@4.59.0
68 silly packumentCache full:https://registry.npmjs.org/@rollup%2frollup-linux-ppc64-gnu cache-miss
69 http fetch GET 200 https://registry.npmjs.org/@rollup%2frollup-linux-ppc64-gnu 113ms (cache miss)
70 silly packumentCache full:https://registry.npmjs.org/@rollup%2frollup-linux-ppc64-gnu set size:undefined disposed:false
71 silly fetch manifest @rollup/rollup-linux-ppc64-musl@4.59.0
72 silly packumentCache full:https://registry.npmjs.org/@rollup%2frollup-linux-ppc64-musl cache-miss
73 http fetch GET 200 https://registry.npmjs.org/@rollup%2frollup-linux-ppc64-musl 90ms (cache miss)
74 silly packumentCache full:https://registry.npmjs.org/@rollup%2frollup-linux-ppc64-musl set size:undefined disposed:false
75 silly fetch manifest @rollup/rollup-linux-riscv64-gnu@4.59.0
76 silly packumentCache full:https://registry.npmjs.org/@rollup%2frollup-linux-riscv64-gnu cache-miss
77 http fetch GET 200 https://registry.npmjs.org/@rollup%2frollup-linux-riscv64-gnu 139ms (cache miss)
78 silly packumentCache full:https://registry.npmjs.org/@rollup%2frollup-linux-riscv64-gnu set size:undefined disposed:false
79 silly fetch manifest @rollup/rollup-linux-riscv64-musl@4.59.0
80 silly packumentCache full:https://registry.npmjs.org/@rollup%2frollup-linux-riscv64-musl cache-miss
81 http fetch GET 200 https://registry.npmjs.org/@rollup%2frollup-linux-riscv64-musl 103ms (cache miss)
82 silly packumentCache full:https://registry.npmjs.org/@rollup%2frollup-linux-riscv64-musl set size:undefined disposed:false
83 silly fetch manifest @rollup/rollup-linux-s390x-gnu@4.59.0
84 silly packumentCache full:https://registry.npmjs.org/@rollup%2frollup-linux-s390x-gnu cache-miss
85 http fetch GET 200 https://registry.npmjs.org/@rollup%2frollup-linux-s390x-gnu 130ms (cache miss)
86 silly packumentCache full:https://registry.npmjs.org/@rollup%2frollup-linux-s390x-gnu set size:undefined disposed:false
87 silly fetch manifest @rollup/rollup-linux-x64-musl@4.59.0
88 silly packumentCache full:https://registry.npmjs.org/@rollup%2frollup-linux-x64-musl cache-miss
89 http fetch GET 200 https://registry.npmjs.org/@rollup%2frollup-linux-x64-musl 150ms (cache miss)
90 silly packumentCache full:https://registry.npmjs.org/@rollup%2frollup-linux-x64-musl set size:undefined disposed:false
91 silly fetch manifest @rollup/rollup-openbsd-x64@4.59.0
92 silly packumentCache full:https://registry.npmjs.org/@rollup%2frollup-openbsd-x64 cache-miss
93 http fetch GET 200 https://registry.npmjs.org/@rollup%2frollup-openbsd-x64 84ms (cache miss)
94 silly packumentCache full:https://registry.npmjs.org/@rollup%2frollup-openbsd-x64 set size:undefined disposed:false
95 silly fetch manifest @rollup/rollup-openharmony-arm64@4.59.0
96 silly packumentCache full:https://registry.npmjs.org/@rollup%2frollup-openharmony-arm64 cache-miss
97 http fetch GET 200 https://registry.npmjs.org/@rollup%2frollup-openharmony-arm64 101ms (cache miss)
98 silly packumentCache full:https://registry.npmjs.org/@rollup%2frollup-openharmony-arm64 set size:undefined disposed:false
99 silly fetch manifest @rollup/rollup-win32-arm64-msvc@4.59.0
100 silly packumentCache full:https://registry.npmjs.org/@rollup%2frollup-win32-arm64-msvc cache-miss
101 http fetch GET 200 https://registry.npmjs.org/@rollup%2frollup-win32-arm64-msvc 143ms (cache miss)
102 silly packumentCache full:https://registry.npmjs.org/@rollup%2frollup-win32-arm64-msvc set size:undefined disposed:false
103 silly fetch manifest @rollup/rollup-win32-ia32-msvc@4.59.0
104 silly packumentCache full:https://registry.npmjs.org/@rollup%2frollup-win32-ia32-msvc cache-miss
105 http fetch GET 200 https://registry.npmjs.org/@rollup%2frollup-win32-ia32-msvc 187ms (cache miss)
106 silly packumentCache full:https://registry.npmjs.org/@rollup%2frollup-win32-ia32-msvc set size:undefined disposed:false
107 silly fetch manifest @rollup/rollup-win32-x64-gnu@4.59.0
108 silly packumentCache full:https://registry.npmjs.org/@rollup%2frollup-win32-x64-gnu cache-miss
109 http fetch GET 200 https://registry.npmjs.org/@rollup%2frollup-win32-x64-gnu 82ms (cache miss)
110 silly packumentCache full:https://registry.npmjs.org/@rollup%2frollup-win32-x64-gnu set size:undefined disposed:false
111 silly fetch manifest @rollup/rollup-win32-x64-msvc@4.59.0
112 silly packumentCache full:https://registry.npmjs.org/@rollup%2frollup-win32-x64-msvc cache-miss
113 http cache https://registry.npmjs.org/@rollup%2frollup-win32-x64-msvc 11ms (cache hit)
114 silly packumentCache full:https://registry.npmjs.org/@rollup%2frollup-win32-x64-msvc set size:341524 disposed:false
115 silly fetch manifest fsevents@~2.3.2
116 silly packumentCache full:https://registry.npmjs.org/fsevents cache-miss
117 http fetch GET 200 https://registry.npmjs.org/fsevents 106ms (cache miss)
118 silly packumentCache full:https://registry.npmjs.org/fsevents set size:undefined disposed:false
119 silly placeDep ROOT @rollup/rollup-android-arm-eabi@4.59.0 OK for: rollup@4.59.0 want: 4.59.0
120 silly placeDep ROOT @rollup/rollup-android-arm64@4.59.0 OK for: rollup@4.59.0 want: 4.59.0
121 silly placeDep ROOT @rollup/rollup-darwin-arm64@4.59.0 OK for: rollup@4.59.0 want: 4.59.0
122 silly placeDep ROOT @rollup/rollup-darwin-x64@4.59.0 OK for: rollup@4.59.0 want: 4.59.0
123 silly placeDep ROOT @rollup/rollup-freebsd-arm64@4.59.0 OK for: rollup@4.59.0 want: 4.59.0
124 silly placeDep ROOT @rollup/rollup-freebsd-x64@4.59.0 OK for: rollup@4.59.0 want: 4.59.0
125 silly placeDep ROOT @rollup/rollup-linux-arm-gnueabihf@4.59.0 OK for: rollup@4.59.0 want: 4.59.0
126 silly placeDep ROOT @rollup/rollup-linux-arm-musleabihf@4.59.0 OK for: rollup@4.59.0 want: 4.59.0
127 silly placeDep ROOT @rollup/rollup-linux-arm64-gnu@4.59.0 OK for: rollup@4.59.0 want: 4.59.0
128 silly placeDep ROOT @rollup/rollup-linux-arm64-musl@4.59.0 OK for: rollup@4.59.0 want: 4.59.0
129 silly placeDep ROOT @rollup/rollup-linux-loong64-gnu@4.59.0 OK for: rollup@4.59.0 want: 4.59.0
130 silly placeDep ROOT @rollup/rollup-linux-loong64-musl@4.59.0 OK for: rollup@4.59.0 want: 4.59.0
131 silly placeDep ROOT @rollup/rollup-linux-ppc64-gnu@4.59.0 OK for: rollup@4.59.0 want: 4.59.0
132 silly placeDep ROOT @rollup/rollup-linux-ppc64-musl@4.59.0 OK for: rollup@4.59.0 want: 4.59.0
133 silly placeDep ROOT @rollup/rollup-linux-riscv64-gnu@4.59.0 OK for: rollup@4.59.0 want: 4.59.0
134 silly placeDep ROOT @rollup/rollup-linux-riscv64-musl@4.59.0 OK for: rollup@4.59.0 want: 4.59.0
135 silly placeDep ROOT @rollup/rollup-linux-s390x-gnu@4.59.0 OK for: rollup@4.59.0 want: 4.59.0
136 silly placeDep ROOT @rollup/rollup-linux-x64-musl@4.59.0 OK for: rollup@4.59.0 want: 4.59.0
137 silly placeDep ROOT @rollup/rollup-openbsd-x64@4.59.0 OK for: rollup@4.59.0 want: 4.59.0
138 silly placeDep ROOT @rollup/rollup-openharmony-arm64@4.59.0 OK for: rollup@4.59.0 want: 4.59.0
139 silly placeDep ROOT @rollup/rollup-win32-arm64-msvc@4.59.0 OK for: rollup@4.59.0 want: 4.59.0
140 silly placeDep ROOT @rollup/rollup-win32-ia32-msvc@4.59.0 OK for: rollup@4.59.0 want: 4.59.0
141 silly placeDep ROOT @rollup/rollup-win32-x64-gnu@4.59.0 OK for: rollup@4.59.0 want: 4.59.0
142 silly placeDep node_modules/rollup @rollup/rollup-win32-x64-msvc@4.59.0 OK for: rollup@4.59.0 want: 4.59.0
143 silly placeDep ROOT fsevents@2.3.3 OK for: rollup@4.59.0 want: ~2.3.2
144 silly reify moves {}
145 silly audit bulk request {
145 silly audit   '@alloc/quick-lru': [ '5.2.0' ],
145 silly audit   '@babel/code-frame': [ '7.29.0' ],
145 silly audit   '@babel/compat-data': [ '7.29.0' ],
145 silly audit   '@babel/core': [ '7.29.0' ],
145 silly audit   '@babel/generator': [ '7.29.1' ],
145 silly audit   '@babel/helper-compilation-targets': [ '7.28.6' ],
145 silly audit   '@babel/helper-globals': [ '7.28.0' ],
145 silly audit   '@babel/helper-module-imports': [ '7.28.6' ],
145 silly audit   '@babel/helper-module-transforms': [ '7.28.6' ],
145 silly audit   '@babel/helper-plugin-utils': [ '7.28.6' ],
145 silly audit   '@babel/helper-string-parser': [ '7.27.1' ],
145 silly audit   '@babel/helper-validator-identifier': [ '7.28.5' ],
145 silly audit   '@babel/helper-validator-option': [ '7.27.1' ],
145 silly audit   '@babel/helpers': [ '7.29.2' ],
145 silly audit   '@babel/parser': [ '7.29.2' ],
145 silly audit   '@babel/plugin-transform-react-jsx-self': [ '7.27.1' ],
145 silly audit   '@babel/plugin-transform-react-jsx-source': [ '7.27.1' ],
145 silly audit   '@babel/runtime': [ '7.29.2' ],
145 silly audit   '@babel/template': [ '7.28.6' ],
145 silly audit   '@babel/traverse': [ '7.29.0' ],
145 silly audit   '@babel/types': [ '7.29.0' ],
145 silly audit   '@esbuild/linux-x64': [ '0.25.12' ],
145 silly audit   '@jridgewell/gen-mapping': [ '0.3.13' ],
145 silly audit   '@jridgewell/remapping': [ '2.3.5' ],
145 silly audit   '@jridgewell/resolve-uri': [ '3.1.2' ],
145 silly audit   '@jridgewell/sourcemap-codec': [ '1.5.5' ],
145 silly audit   '@jridgewell/trace-mapping': [ '0.3.31' ],
145 silly audit   '@nodelib/fs.scandir': [ '2.1.5' ],
145 silly audit   '@nodelib/fs.stat': [ '2.0.5' ],
145 silly audit   '@nodelib/fs.walk': [ '1.2.8' ],
145 silly audit   '@rolldown/pluginutils': [ '1.0.0-beta.27' ],
145 silly audit   '@rollup/rollup-linux-x64-gnu': [ '4.59.0' ],
145 silly audit   '@tanstack/query-core': [ '5.90.20' ],
145 silly audit   '@tanstack/react-query': [ '5.90.21' ],
145 silly audit   '@types/babel__core': [ '7.20.5' ],
145 silly audit   '@types/babel__generator': [ '7.27.0' ],
145 silly audit   '@types/babel__template': [ '7.4.4' ],
145 silly audit   '@types/babel__traverse': [ '7.28.0' ],
145 silly audit   '@types/d3-array': [ '3.2.2' ],
145 silly audit   '@types/d3-color': [ '3.1.3' ],
145 silly audit   '@types/d3-ease': [ '3.0.2' ],
145 silly audit   '@types/d3-interpolate': [ '3.0.4' ],
145 silly audit   '@types/d3-path': [ '3.1.1' ],
145 silly audit   '@types/d3-scale': [ '4.0.9' ],
145 silly audit   '@types/d3-shape': [ '3.1.8' ],
145 silly audit   '@types/d3-time': [ '3.0.4' ],
145 silly audit   '@types/d3-timer': [ '3.0.2' ],
145 silly audit   '@types/estree': [ '1.0.8' ],
145 silly audit   '@types/prop-types': [ '15.7.15' ],
145 silly audit   '@types/react': [ '18.3.28' ],
145 silly audit   '@types/react-dom': [ '18.3.7' ],
145 silly audit   '@vitejs/plugin-react': [ '4.7.0' ],
145 silly audit   'any-promise': [ '1.3.0' ],
145 silly audit   anymatch: [ '3.1.3' ],
145 silly audit   arg: [ '5.0.2' ],
145 silly audit   asynckit: [ '0.4.0' ],
145 silly audit   autoprefixer: [ '10.4.27' ],
145 silly audit   axios: [ '1.13.6' ],
145 silly audit   'baseline-browser-mapping': [ '2.10.8' ],
145 silly audit   'binary-extensions': [ '2.3.0' ],
145 silly audit   braces: [ '3.0.3' ],
145 silly audit   browserslist: [ '4.28.1' ],
145 silly audit   'call-bind-apply-helpers': [ '1.0.2' ],
145 silly audit   'camelcase-css': [ '2.0.1' ],
145 silly audit   'caniuse-lite': [ '1.0.30001780' ],
145 silly audit   chokidar: [ '3.6.0' ],
145 silly audit   'glob-parent': [ '5.1.2', '6.0.2' ],
145 silly audit   clsx: [ '2.1.1' ],
145 silly audit   'combined-stream': [ '1.0.8' ],
145 silly audit   commander: [ '4.1.1' ],
145 silly audit   'convert-source-map': [ '2.0.0' ],
145 silly audit   cookie: [ '1.1.1' ],
145 silly audit   cssesc: [ '3.0.0' ],
145 silly audit   csstype: [ '3.2.3' ],
145 silly audit   'd3-array': [ '3.2.4' ],
145 silly audit   'd3-color': [ '3.1.0' ],
145 silly audit   'd3-ease': [ '3.0.1' ],
145 silly audit   'd3-format': [ '3.1.2' ],
145 silly audit   'd3-interpolate': [ '3.0.1' ],
145 silly audit   'd3-path': [ '3.1.0' ],
145 silly audit   'd3-scale': [ '4.0.2' ],
145 silly audit   'd3-shape': [ '3.2.0' ],
145 silly audit   'd3-time': [ '3.1.0' ],
145 silly audit   'd3-time-format': [ '4.1.0' ],
145 silly audit   'd3-timer': [ '3.0.1' ],
145 silly audit   debug: [ '4.4.3' ],
145 silly audit   'decimal.js-light': [ '2.5.1' ],
145 silly audit   'delayed-stream': [ '1.0.0' ],
145 silly audit   didyoumean: [ '1.2.2' ],
145 silly audit   dlv: [ '1.1.3' ],
145 silly audit   'dom-helpers': [ '5.2.1' ],
145 silly audit   'dunder-proto': [ '1.0.1' ],
145 silly audit   'electron-to-chromium': [ '1.5.313' ],
145 silly audit   'es-define-property': [ '1.0.1' ],
145 silly audit   'es-errors': [ '1.3.0' ],
145 silly audit   'es-object-atoms': [ '1.1.1' ],
145 silly audit   'es-set-tostringtag': [ '2.1.0' ],
145 silly audit   esbuild: [ '0.25.12' ],
145 silly audit   escalade: [ '3.2.0' ],
145 silly audit   eventemitter3: [ '4.0.7' ],
145 silly audit   'fast-equals': [ '5.4.0' ],
145 silly audit   'fast-glob': [ '3.3.3' ],
145 silly audit   fastq: [ '1.20.1' ],
145 silly audit   'fill-range': [ '7.1.1' ],
145 silly audit   'follow-redirects': [ '1.15.11' ],
145 silly audit   'form-data': [ '4.0.5' ],
145 silly audit   'fraction.js': [ '5.3.4' ],
145 silly audit   'function-bind': [ '1.1.2' ],
145 silly audit   gensync: [ '1.0.0-beta.2' ],
145 silly audit   'get-intrinsic': [ '1.3.0' ],
145 silly audit   'get-proto': [ '1.0.1' ],
145 silly audit   gopd: [ '1.2.0' ],
145 silly audit   'has-symbols': [ '1.1.0' ],
145 silly audit   'has-tostringtag': [ '1.0.2' ],
145 silly audit   hasown: [ '2.0.2' ],
145 silly audit   internmap: [ '2.0.3' ],
145 silly audit   'is-binary-path': [ '2.1.0' ],
145 silly audit   'is-core-module': [ '2.16.1' ],
145 silly audit   'is-extglob': [ '2.1.1' ],
145 silly audit   'is-glob': [ '4.0.3' ],
145 silly audit   'is-number': [ '7.0.0' ],
145 silly audit   jiti: [ '1.21.7' ],
145 silly audit   'js-tokens': [ '4.0.0' ],
145 silly audit   jsesc: [ '3.1.0' ],
145 silly audit   json5: [ '2.2.3' ],
145 silly audit   lilconfig: [ '3.1.3' ],
145 silly audit   'lines-and-columns': [ '1.2.4' ],
145 silly audit   lodash: [ '4.17.23' ],
145 silly audit   'loose-envify': [ '1.4.0' ],
145 silly audit   'lru-cache': [ '5.1.1' ],
145 silly audit   'math-intrinsics': [ '1.1.0' ],
145 silly audit   merge2: [ '1.4.1' ],
145 silly audit   micromatch: [ '4.0.8' ],
145 silly audit   'mime-db': [ '1.52.0' ],
145 silly audit   'mime-types': [ '2.1.35' ],
145 silly audit   ms: [ '2.1.3' ],
145 silly audit   mz: [ '2.7.0' ],
145 silly audit   nanoid: [ '3.3.11' ],
145 silly audit   'node-releases': [ '2.0.36' ],
145 silly audit   'normalize-path': [ '3.0.0' ],
145 silly audit   'object-assign': [ '4.1.1' ],
145 silly audit   'object-hash': [ '3.0.0' ],
145 silly audit   'path-parse': [ '1.0.7' ],
145 silly audit   picocolors: [ '1.1.1' ],
145 silly audit   picomatch: [ '2.3.1', '4.0.3' ],
145 silly audit   pify: [ '2.3.0' ],
145 silly audit   pirates: [ '4.0.7' ],
145 silly audit   postcss: [ '8.5.8' ],
145 silly audit   'postcss-import': [ '15.1.0' ],
145 silly audit   'postcss-js': [ '4.1.0' ],
145 silly audit   'postcss-load-config': [ '6.0.1' ],
145 silly audit   'postcss-nested': [ '6.2.0' ],
145 silly audit   'postcss-selector-parser': [ '6.1.2' ],
145 silly audit   'postcss-value-parser': [ '4.2.0' ],
145 silly audit   'prop-types': [ '15.8.1' ],
145 silly audit   'react-is': [ '16.13.1', '18.3.1' ],
145 silly audit   'proxy-from-env': [ '1.1.0' ],
145 silly audit   'queue-microtask': [ '1.2.3' ],
145 silly audit   react: [ '18.3.1' ],
145 silly audit   'react-dom': [ '18.3.1' ],
145 silly audit   'react-refresh': [ '0.17.0' ],
145 silly audit   'react-router': [ '7.13.1' ],
145 silly audit   'react-router-dom': [ '7.13.1' ],
145 silly audit   'react-smooth': [ '4.0.4' ],
145 silly audit   'react-transition-group': [ '4.4.5' ],
145 silly audit   'read-cache': [ '1.0.0' ],
145 silly audit   readdirp: [ '3.6.0' ],
145 silly audit   recharts: [ '2.15.4' ],
145 silly audit   'recharts-scale': [ '0.4.5' ],
145 silly audit   resolve: [ '1.22.11' ],
145 silly audit   reusify: [ '1.1.0' ],
145 silly audit   rollup: [ '4.59.0' ],
145 silly audit   'run-parallel': [ '1.2.0' ],
145 silly audit   scheduler: [ '0.23.2' ],
145 silly audit   semver: [ '6.3.1' ],
145 silly audit   'set-cookie-parser': [ '2.7.2' ],
145 silly audit   'source-map-js': [ '1.2.1' ],
145 silly audit   sucrase: [ '3.35.1' ],
145 silly audit   'supports-preserve-symlinks-flag': [ '1.0.0' ],
145 silly audit   tailwindcss: [ '3.4.19' ],
145 silly audit   thenify: [ '3.3.1' ],
145 silly audit   'thenify-all': [ '1.6.0' ],
145 silly audit   'tiny-invariant': [ '1.3.3' ],
145 silly audit   tinyglobby: [ '0.2.15' ],
145 silly audit   fdir: [ '6.5.0' ],
145 silly audit   'to-regex-range': [ '5.0.1' ],
145 silly audit   'ts-interface-checker': [ '0.1.13' ],
145 silly audit   'update-browserslist-db': [ '1.2.3' ],
145 silly audit   'util-deprecate': [ '1.0.2' ],
145 silly audit   'victory-vendor': [ '36.9.2' ],
145 silly audit   vite: [ '6.4.1' ],
145 silly audit   yallist: [ '3.1.1' ],
145 silly audit   '@rollup/rollup-win32-x64-msvc': [ '4.53.3', '4.59.0' ],
145 silly audit   '@rollup/rollup-android-arm-eabi': [ '4.59.0' ],
145 silly audit   '@rollup/rollup-android-arm64': [ '4.59.0' ],
145 silly audit   '@rollup/rollup-darwin-arm64': [ '4.59.0' ],
145 silly audit   '@rollup/rollup-darwin-x64': [ '4.59.0' ],
145 silly audit   '@rollup/rollup-freebsd-arm64': [ '4.59.0' ],
145 silly audit   '@rollup/rollup-freebsd-x64': [ '4.59.0' ],
145 silly audit   '@rollup/rollup-linux-arm-gnueabihf': [ '4.59.0' ],
145 silly audit   '@rollup/rollup-linux-arm-musleabihf': [ '4.59.0' ],
145 silly audit   '@rollup/rollup-linux-arm64-gnu': [ '4.59.0' ],
145 silly audit   '@rollup/rollup-linux-arm64-musl': [ '4.59.0' ],
145 silly audit   '@rollup/rollup-linux-loong64-gnu': [ '4.59.0' ],
145 silly audit   '@rollup/rollup-linux-loong64-musl': [ '4.59.0' ],
145 silly audit   '@rollup/rollup-linux-ppc64-gnu': [ '4.59.0' ],
145 silly audit   '@rollup/rollup-linux-ppc64-musl': [ '4.59.0' ],
145 silly audit   '@rollup/rollup-linux-riscv64-gnu': [ '4.59.0' ],
145 silly audit   '@rollup/rollup-linux-riscv64-musl': [ '4.59.0' ],
145 silly audit   '@rollup/rollup-linux-s390x-gnu': [ '4.59.0' ],
145 silly audit   '@rollup/rollup-linux-x64-musl': [ '4.59.0' ],
145 silly audit   '@rollup/rollup-openbsd-x64': [ '4.59.0' ],
145 silly audit   '@rollup/rollup-openharmony-arm64': [ '4.59.0' ],
145 silly audit   '@rollup/rollup-win32-arm64-msvc': [ '4.59.0' ],
145 silly audit   '@rollup/rollup-win32-ia32-msvc': [ '4.59.0' ],
145 silly audit   '@rollup/rollup-win32-x64-gnu': [ '4.59.0' ],
145 silly audit   fsevents: [ '2.3.3' ]
145 silly audit }
146 verbose reify failed optional dependency C:\Lindan\webs\fin\frontend\node_modules\fsevents
147 silly reify mark deleted [ 'C:\\Lindan\\webs\\fin\\frontend\\node_modules\\fsevents' ]
148 verbose reify failed optional dependency C:\Lindan\webs\fin\frontend\node_modules\@rollup\rollup-win32-ia32-msvc
149 silly reify mark deleted [
149 silly reify   'C:\\Lindan\\webs\\fin\\frontend\\node_modules\\@rollup\\rollup-win32-ia32-msvc'
149 silly reify ]
150 verbose reify failed optional dependency C:\Lindan\webs\fin\frontend\node_modules\@rollup\rollup-win32-arm64-msvc
151 silly reify mark deleted [
151 silly reify   'C:\\Lindan\\webs\\fin\\frontend\\node_modules\\@rollup\\rollup-win32-arm64-msvc'
151 silly reify ]
152 verbose reify failed optional dependency C:\Lindan\webs\fin\frontend\node_modules\@rollup\rollup-openharmony-arm64
153 silly reify mark deleted [
153 silly reify   'C:\\Lindan\\webs\\fin\\frontend\\node_modules\\@rollup\\rollup-openharmony-arm64'
153 silly reify ]
154 verbose reify failed optional dependency C:\Lindan\webs\fin\frontend\node_modules\@rollup\rollup-openbsd-x64
155 silly reify mark deleted [
155 silly reify   'C:\\Lindan\\webs\\fin\\frontend\\node_modules\\@rollup\\rollup-openbsd-x64'
155 silly reify ]
156 verbose reify failed optional dependency C:\Lindan\webs\fin\frontend\node_modules\@rollup\rollup-linux-x64-musl
157 silly reify mark deleted [
157 silly reify   'C:\\Lindan\\webs\\fin\\frontend\\node_modules\\@rollup\\rollup-linux-x64-musl'
157 silly reify ]
158 verbose reify failed optional dependency C:\Lindan\webs\fin\frontend\node_modules\@rollup\rollup-linux-s390x-gnu
159 silly reify mark deleted [
159 silly reify   'C:\\Lindan\\webs\\fin\\frontend\\node_modules\\@rollup\\rollup-linux-s390x-gnu'
159 silly reify ]
160 verbose reify failed optional dependency C:\Lindan\webs\fin\frontend\node_modules\@rollup\rollup-linux-riscv64-musl
161 silly reify mark deleted [
161 silly reify   'C:\\Lindan\\webs\\fin\\frontend\\node_modules\\@rollup\\rollup-linux-riscv64-musl'
161 silly reify ]
162 verbose reify failed optional dependency C:\Lindan\webs\fin\frontend\node_modules\@rollup\rollup-linux-riscv64-gnu
163 silly reify mark deleted [
163 silly reify   'C:\\Lindan\\webs\\fin\\frontend\\node_modules\\@rollup\\rollup-linux-riscv64-gnu'
163 silly reify ]
164 verbose reify failed optional dependency C:\Lindan\webs\fin\frontend\node_modules\@rollup\rollup-linux-ppc64-musl
165 silly reify mark deleted [
165 silly reify   'C:\\Lindan\\webs\\fin\\frontend\\node_modules\\@rollup\\rollup-linux-ppc64-musl'
165 silly reify ]
166 verbose reify failed optional dependency C:\Lindan\webs\fin\frontend\node_modules\@rollup\rollup-linux-ppc64-gnu
167 silly reify mark deleted [
167 silly reify   'C:\\Lindan\\webs\\fin\\frontend\\node_modules\\@rollup\\rollup-linux-ppc64-gnu'
167 silly reify ]
168 verbose reify failed optional dependency C:\Lindan\webs\fin\frontend\node_modules\@rollup\rollup-linux-loong64-musl
169 silly reify mark deleted [
169 silly reify   'C:\\Lindan\\webs\\fin\\frontend\\node_modules\\@rollup\\rollup-linux-loong64-musl'
169 silly reify ]
170 verbose reify failed optional dependency C:\Lindan\webs\fin\frontend\node_modules\@rollup\rollup-linux-loong64-gnu
171 silly reify mark deleted [
171 silly reify   'C:\\Lindan\\webs\\fin\\frontend\\node_modules\\@rollup\\rollup-linux-loong64-gnu'
171 silly reify ]
172 verbose reify failed optional dependency C:\Lindan\webs\fin\frontend\node_modules\@rollup\rollup-linux-arm64-musl
173 silly reify mark deleted [
173 silly reify   'C:\\Lindan\\webs\\fin\\frontend\\node_modules\\@rollup\\rollup-linux-arm64-musl'
173 silly reify ]
174 verbose reify failed optional dependency C:\Lindan\webs\fin\frontend\node_modules\@rollup\rollup-linux-arm64-gnu
175 silly reify mark deleted [
175 silly reify   'C:\\Lindan\\webs\\fin\\frontend\\node_modules\\@rollup\\rollup-linux-arm64-gnu'
175 silly reify ]
176 verbose reify failed optional dependency C:\Lindan\webs\fin\frontend\node_modules\@rollup\rollup-linux-arm-musleabihf
177 silly reify mark deleted [
177 silly reify   'C:\\Lindan\\webs\\fin\\frontend\\node_modules\\@rollup\\rollup-linux-arm-musleabihf'
177 silly reify ]
178 verbose reify failed optional dependency C:\Lindan\webs\fin\frontend\node_modules\@rollup\rollup-linux-arm-gnueabihf
179 silly reify mark deleted [
179 silly reify   'C:\\Lindan\\webs\\fin\\frontend\\node_modules\\@rollup\\rollup-linux-arm-gnueabihf'
179 silly reify ]
180 verbose reify failed optional dependency C:\Lindan\webs\fin\frontend\node_modules\@rollup\rollup-freebsd-x64
181 silly reify mark deleted [
181 silly reify   'C:\\Lindan\\webs\\fin\\frontend\\node_modules\\@rollup\\rollup-freebsd-x64'
181 silly reify ]
182 verbose reify failed optional dependency C:\Lindan\webs\fin\frontend\node_modules\@rollup\rollup-freebsd-arm64
183 silly reify mark deleted [
183 silly reify   'C:\\Lindan\\webs\\fin\\frontend\\node_modules\\@rollup\\rollup-freebsd-arm64'
183 silly reify ]
184 verbose reify failed optional dependency C:\Lindan\webs\fin\frontend\node_modules\@rollup\rollup-darwin-x64
185 silly reify mark deleted [
185 silly reify   'C:\\Lindan\\webs\\fin\\frontend\\node_modules\\@rollup\\rollup-darwin-x64'
185 silly reify ]
186 verbose reify failed optional dependency C:\Lindan\webs\fin\frontend\node_modules\@rollup\rollup-darwin-arm64
187 silly reify mark deleted [
187 silly reify   'C:\\Lindan\\webs\\fin\\frontend\\node_modules\\@rollup\\rollup-darwin-arm64'
187 silly reify ]
188 verbose reify failed optional dependency C:\Lindan\webs\fin\frontend\node_modules\@rollup\rollup-android-arm64
189 silly reify mark deleted [
189 silly reify   'C:\\Lindan\\webs\\fin\\frontend\\node_modules\\@rollup\\rollup-android-arm64'
189 silly reify ]
190 verbose reify failed optional dependency C:\Lindan\webs\fin\frontend\node_modules\@rollup\rollup-android-arm-eabi
191 silly reify mark deleted [
191 silly reify   'C:\\Lindan\\webs\\fin\\frontend\\node_modules\\@rollup\\rollup-android-arm-eabi'
191 silly reify ]
192 verbose reify failed optional dependency C:\Lindan\webs\fin\frontend\node_modules\@rollup\rollup-linux-x64-gnu
193 silly reify mark deleted [
193 silly reify   'C:\\Lindan\\webs\\fin\\frontend\\node_modules\\@rollup\\rollup-linux-x64-gnu'
193 silly reify ]
194 verbose reify failed optional dependency C:\Lindan\webs\fin\frontend\node_modules\@esbuild\linux-x64
195 silly reify mark deleted [
195 silly reify   'C:\\Lindan\\webs\\fin\\frontend\\node_modules\\@esbuild\\linux-x64'
195 silly reify ]
196 http cache @rollup/rollup-win32-x64-gnu@https://registry.npmjs.org/@rollup/rollup-win32-x64-gnu/-/rollup-win32-x64-gnu-4.59.0.tgz 0ms (cache hit)
197 silly tarball no local data for @rollup/rollup-win32-x64-gnu@https://registry.npmjs.org/@rollup/rollup-win32-x64-gnu/-/rollup-win32-x64-gnu-4.59.0.tgz. Extracting by manifest.
198 http cache @rollup/rollup-win32-x64-msvc@https://registry.npmjs.org/@rollup/rollup-win32-x64-msvc/-/rollup-win32-x64-msvc-4.59.0.tgz 0ms (cache hit)
199 http cache @rollup/rollup-win32-x64-msvc@https://registry.npmjs.org/@rollup/rollup-win32-x64-msvc/-/rollup-win32-x64-msvc-4.53.3.tgz 1ms (cache hit)
200 silly tarball no local data for @rollup/rollup-win32-x64-msvc@https://registry.npmjs.org/@rollup/rollup-win32-x64-msvc/-/rollup-win32-x64-msvc-4.59.0.tgz. Extracting by manifest.
201 silly tarball no local data for @rollup/rollup-win32-x64-msvc@https://registry.npmjs.org/@rollup/rollup-win32-x64-msvc/-/rollup-win32-x64-msvc-4.53.3.tgz. Extracting by manifest.
202 http fetch POST 200 https://registry.npmjs.org/-/npm/v1/security/advisories/bulk 242ms
203 silly audit report {
203 silly audit report   axios: [
203 silly audit report     {
203 silly audit report       id: 1118607,
203 silly audit report       url: 'https://github.com/advisories/GHSA-q8qp-cvcw-x6jj',
203 silly audit report       title: 'Axios has prototype pollution read-side gadgets in HTTP adapter that allow credential injection and request hijacking',
203 silly audit report       severity: 'high',
203 silly audit report       vulnerable_versions: '>=1.0.0 <1.15.2',
203 silly audit report       cwe: [Array],
203 silly audit report       cvss: [Object]
203 silly audit report     },
203 silly audit report     {
203 silly audit report       id: 1119404,
203 silly audit report       url: 'https://github.com/advisories/GHSA-fvcv-3m26-pcqx',
203 silly audit report       title: 'Axios has Unrestricted Cloud Metadata Exfiltration via Header Injection Chain',
203 silly audit report       severity: 'moderate',
203 silly audit report       vulnerable_versions: '>=1.0.0 <1.15.0',
203 silly audit report       cwe: [Array],
203 silly audit report       cvss: [Object]
203 silly audit report     },
203 silly audit report     {
203 silly audit report       id: 1119667,
203 silly audit report       url: 'https://github.com/advisories/GHSA-pjwm-pj3p-43mv',
203 silly audit report       title: "axios's shouldBypassProxy does not recognize IPv4-mapped IPv6 addresses, allowing NO_PROXY bypass (incomplete fix for CVE-2025-62718)",
203 silly audit report       severity: 'high',
203 silly audit report       vulnerable_versions: '>=1.0.0 <1.16.0',
203 silly audit report       cwe: [Array],
203 silly audit report       cvss: [Object]
203 silly audit report     },
203 silly audit report     {
203 silly audit report       id: 1119669,
203 silly audit report       url: 'https://github.com/advisories/GHSA-898c-q2cr-xwhg',
203 silly audit report       title: 'axios has DoS & Header Injection via Prototype Pollution Read-Side Gadgets in axios merge functions',
203 silly audit report       severity: 'moderate',
203 silly audit report       vulnerable_versions: '>=1.0.0 <1.16.0',
203 silly audit report       cwe: [Array],
203 silly audit report       cvss: [Object]
203 silly audit report     },
203 silly audit report     {
203 silly audit report       id: 1119674,
203 silly audit report       url: 'https://github.com/advisories/GHSA-3g43-6gmg-66jw',
203 silly audit report       title: 'axios Vulnerable to Credential Theft and Response Hijacking via Prototype Pollution Gadget in Config Merge',
203 silly audit report       severity: 'high',
203 silly audit report       vulnerable_versions: '>=1.0.0 <1.15.2',
203 silly audit report       cwe: [Array],
203 silly audit report       cvss: [Object]
203 silly audit report     },
203 silly audit report     {
203 silly audit report       id: 1119675,
203 silly audit report       url: 'https://github.com/advisories/GHSA-35jp-ww65-95wh',
203 silly audit report       title: 'axios Vulnerable to Full Man-in-the-Middle via Prototype Pollution Gadget in `config.proxy`',
203 silly audit report       severity: 'high',
203 silly audit report       vulnerable_versions: '>=1.0.0 <1.16.0',
203 silly audit report       cwe: [Array],
203 silly audit report       cvss: [Object]
203 silly audit report     },
203 silly audit report     {
203 silly audit report       id: 1120073,
203 silly audit report       url: 'https://github.com/advisories/GHSA-hfxv-24rg-xrqf',
203 silly audit report       title: 'Axios: Regular Expression Denial of Service (ReDoS) via Cookie Name Injection',
203 silly audit report       severity: 'high',
203 silly audit report       vulnerable_versions: '>=1.0.0 <1.16.0',
203 silly audit report       cwe: [Array],
203 silly audit report       cvss: [Object]
203 silly audit report     },
203 silly audit report     {
203 silly audit report       id: 1120074,
203 silly audit report       url: 'https://github.com/advisories/GHSA-777c-7fjr-54vf',
203 silly audit report       title: 'Allocation of Resources Without Limits or Throttling in Axios',
203 silly audit report       severity: 'high',
203 silly audit report       vulnerable_versions: '>=1.7.0 <1.16.0',
203 silly audit report       cwe: [Array],
203 silly audit report       cvss: [Object]
203 silly audit report     },
203 silly audit report     {
203 silly audit report       id: 1120076,
203 silly audit report       url: 'https://github.com/advisories/GHSA-p92q-9vqr-4j8v',
203 silly audit report       title: 'Axios: Proxy-Authorization Credential Leak to Origin Server Across HTTP-to-HTTPS Redirect in Axios Node.js HTTP Adapter',
203 silly audit report       severity: 'high',
203 silly audit report       vulnerable_versions: '>=1.0.0 <1.16.0',
203 silly audit report       cwe: [Array],
203 silly audit report       cvss: [Object]
203 silly audit report     },
203 silly audit report     {
203 silly audit report       id: 1120078,
203 silly audit report       url: 'https://github.com/advisories/GHSA-j5f8-grm9-p9fc',
203 silly audit report       title: 'Axios: Proxy-Authorization header leaks to redirect target when proxy is re-evaluated to direct connection',
203 silly audit report       severity: 'high',
203 silly audit report       vulnerable_versions: '>=1.0.0 <1.16.0',
203 silly audit report       cwe: [Array],
203 silly audit report       cvss: [Object]
203 silly audit report     },
203 silly audit report     {
203 silly audit report       id: 1120125,
203 silly audit report       url: 'https://github.com/advisories/GHSA-62hf-57xw-28j9',
203 silly audit report       title: 'Axios: unbounded recursion in toFormData causes DoS via deeply nested request data',
203 silly audit report       severity: 'moderate',
203 silly audit report       vulnerable_versions: '>=1.0.0 <1.15.1',
203 silly audit report       cwe: [Array],
203 silly audit report       cvss: [Object]
203 silly audit report     },
203 silly audit report     {
203 silly audit report       id: 1116673,
203 silly audit report       url: 'https://github.com/advisories/GHSA-3p68-rc4w-qgx5',
203 silly audit report       title: 'Axios has a NO_PROXY Hostname Normalization Bypass that Leads to SSRF',
203 silly audit report       severity: 'moderate',
203 silly audit report       vulnerable_versions: '>=1.0.0 <1.15.0',
203 silly audit report       cwe: [Array],
203 silly audit report       cvss: [Object]
203 silly audit report     },
203 silly audit report     {
203 silly audit report       id: 1117574,
203 silly audit report       url: 'https://github.com/advisories/GHSA-w9j2-pvgh-6h63',
203 silly audit report       title: 'Axios: Authentication Bypass via Prototype Pollution Gadget in `validateStatus` Merge Strategy',
203 silly audit report       severity: 'moderate',
203 silly audit report       vulnerable_versions: '>=1.0.0 <1.15.1',
203 silly audit report       cwe: [Array],
203 silly audit report       cvss: [Object]
203 silly audit report     },
203 silly audit report     {
203 silly audit report       id: 1117576,
203 silly audit report       url: 'https://github.com/advisories/GHSA-pmwg-cvhr-8vh7',
203 silly audit report       title: 'Axios: Incomplete Fix for CVE-2025-62718 — NO_PROXY Protection Bypassed via RFC 1122 Loopback Subnet (127.0.0.0/8) in Axios 1.15.0',
203 silly audit report       severity: 'high',
203 silly audit report       vulnerable_versions: '>=1.0.0 <1.15.1',
203 silly audit report       cwe: [Array],
203 silly audit report       cvss: [Object]
203 silly audit report     },
203 silly audit report     {
203 silly audit report       id: 1117577,
203 silly audit report       url: 'https://github.com/advisories/GHSA-3w6x-2g7m-8v23',
203 silly audit report       title: 'Axios: Invisible JSON Response Tampering via Prototype Pollution Gadget in `parseReviver`',
203 silly audit report       severity: 'moderate',
203 silly audit report       vulnerable_versions: '>=1.0.0 <1.15.2',
203 silly audit report       cwe: [Array],
203 silly audit report       cvss: [Object]
203 silly audit report     },
203 silly audit report     {
203 silly audit report       id: 1117580,
203 silly audit report       url: 'https://github.com/advisories/GHSA-xhjh-pmcv-23jw',
203 silly audit report       title: 'Axios: Null Byte Injection via Reverse-Encoding in AxiosURLSearchParams',
203 silly audit report       severity: 'low',
203 silly audit report       vulnerable_versions: '>=1.0.0 <1.15.1',
203 silly audit report       cwe: [Array],
203 silly audit report       cvss: [Object]
203 silly audit report     },
203 silly audit report     {
203 silly audit report       id: 1117581,
203 silly audit report       url: 'https://github.com/advisories/GHSA-445q-vr5w-6q77',
203 silly audit report       title: 'Axios: CRLF Injection in multipart/form-data body via unsanitized blob.type in formDataToStream',
203 silly audit report       severity: 'moderate',
203 silly audit report       vulnerable_versions: '>=1.0.0 <1.15.1',
203 silly audit report       cwe: [Array],
203 silly audit report       cvss: [Object]
203 silly audit report     },
203 silly audit report     {
203 silly audit report       id: 1117583,
203 silly audit report       url: 'https://github.com/advisories/GHSA-m7pr-hjqh-92cm',
203 silly audit report       title: 'Axios: no_proxy bypass via IP alias allows SSRF',
203 silly audit report       severity: 'moderate',
203 silly audit report       vulnerable_versions: '>=1.0.0 <1.15.1',
203 silly audit report       cwe: [Array],
203 silly audit report       cvss: [Object]
203 silly audit report     },
203 silly audit report     {
203 silly audit report       id: 1117587,
203 silly audit report       url: 'https://github.com/advisories/GHSA-5c9x-8gcm-mpgx',
203 silly audit report       title: "Axios' HTTP adapter-streamed uploads bypass maxBodyLength when maxRedirects: 0",
203 silly audit report       severity: 'moderate',
203 silly audit report       vulnerable_versions: '>=1.0.0 <1.15.1',
203 silly audit report       cwe: [Array],
203 silly audit report       cvss: [Object]
203 silly audit report     },
203 silly audit report     {
203 silly audit report       id: 1117589,
203 silly audit report       url: 'https://github.com/advisories/GHSA-vf2m-468p-8v99',
203 silly audit report       title: 'Axios: HTTP adapter streamed responses bypass maxContentLength',
203 silly audit report       severity: 'moderate',
203 silly audit report       vulnerable_versions: '>=1.0.0 <1.15.1',
203 silly audit report       cwe: [Array],
203 silly audit report       cvss: [Object]
203 silly audit report     },
203 silly audit report     {
203 silly audit report       id: 1117591,
203 silly audit report       url: 'https://github.com/advisories/GHSA-pf86-5x62-jrwf',
203 silly audit report       title: 'Axios: Prototype Pollution Gadgets - Response Tampering, Data Exfiltration, and Request Hijacking',
203 silly audit report       severity: 'high',
203 silly audit report       vulnerable_versions: '>=1.0.0 <1.15.1',
203 silly audit report       cwe: [Array],
203 silly audit report       cvss: [Object]
203 silly audit report     },
203 silly audit report     {
203 silly audit report       id: 1117593,
203 silly audit report       url: 'https://github.com/advisories/GHSA-6chq-wfr3-2hj9',
203 silly audit report       title: 'Axios: Header Injection via Prototype Pollution',
203 silly audit report       severity: 'high',
203 silly audit report       vulnerable_versions: '>=1.0.0 <1.15.1',
203 silly audit report       cwe: [Array],
203 silly audit report       cvss: [Object]
203 silly audit report     },
203 silly audit report     {
203 silly audit report       id: 1117595,
203 silly audit report       url: 'https://github.com/advisories/GHSA-xx6v-rp6x-q39c',
203 silly audit report       title: 'Axios: XSRF Token Cross-Origin Leakage via Prototype Pollution Gadget in `withXSRFToken` Boolean Coercion',
203 silly audit report       severity: 'moderate',
203 silly audit report       vulnerable_versions: '>=1.0.0 <1.15.1',
203 silly audit report       cwe: [Array],
203 silly audit report       cvss: [Object]
203 silly audit report     }
203 silly audit report   ],
203 silly audit report   'follow-redirects': [
203 silly audit report     {
203 silly audit report       id: 1116560,
203 silly audit report       url: 'https://github.com/advisories/GHSA-r4q5-vmmm-2653',
203 silly audit report       title: 'follow-redirects leaks Custom Authentication Headers to Cross-Domain Redirect Targets',
203 silly audit report       severity: 'moderate',
203 silly audit report       vulnerable_versions: '<=1.15.11',
203 silly audit report       cwe: [Array],
203 silly audit report       cvss: [Object]
203 silly audit report     }
203 silly audit report   ],
203 silly audit report   lodash: [
203 silly audit report     {
203 silly audit report       id: 1115806,
203 silly audit report       url: 'https://github.com/advisories/GHSA-r5fr-rjxr-66jc',
203 silly audit report       title: 'lodash vulnerable to Code Injection via `_.template` imports key names',
203 silly audit report       severity: 'high',
203 silly audit report       vulnerable_versions: '>=4.0.0 <=4.17.23',
203 silly audit report       cwe: [Array],
203 silly audit report       cvss: [Object]
203 silly audit report     },
203 silly audit report     {
203 silly audit report       id: 1115810,
203 silly audit report       url: 'https://github.com/advisories/GHSA-f23m-r3pf-42rh',
203 silly audit report       title: 'lodash vulnerable to Prototype Pollution via array path bypass in `_.unset` and `_.omit`',
203 silly audit report       severity: 'moderate',
203 silly audit report       vulnerable_versions: '<=4.17.23',
203 silly audit report       cwe: [Array],
203 silly audit report       cvss: [Object]
203 silly audit report     }
203 silly audit report   ],
203 silly audit report   picomatch: [
203 silly audit report     {
203 silly audit report       id: 1115549,
203 silly audit report       url: 'https://github.com/advisories/GHSA-3v7f-55p6-f55p',
203 silly audit report       title: 'Picomatch: Method Injection in POSIX Character Classes causes incorrect Glob Matching',
203 silly audit report       severity: 'moderate',
203 silly audit report       vulnerable_versions: '<2.3.2',
203 silly audit report       cwe: [Array],
203 silly audit report       cvss: [Object]
203 silly audit report     },
203 silly audit report     {
203 silly audit report       id: 1115551,
203 silly audit report       url: 'https://github.com/advisories/GHSA-3v7f-55p6-f55p',
203 silly audit report       title: 'Picomatch: Method Injection in POSIX Character Classes causes incorrect Glob Matching',
203 silly audit report       severity: 'moderate',
203 silly audit report       vulnerable_versions: '>=4.0.0 <4.0.4',
203 silly audit report       cwe: [Array],
203 silly audit report       cvss: [Object]
203 silly audit report     },
203 silly audit report     {
203 silly audit report       id: 1115552,
203 silly audit report       url: 'https://github.com/advisories/GHSA-c2c7-rcm5-vvqj',
203 silly audit report       title: 'Picomatch has a ReDoS vulnerability via extglob quantifiers',
203 silly audit report       severity: 'high',
203 silly audit report       vulnerable_versions: '<2.3.2',
203 silly audit report       cwe: [Array],
203 silly audit report       cvss: [Object]
203 silly audit report     },
203 silly audit report     {
203 silly audit report       id: 1115554,
203 silly audit report       url: 'https://github.com/advisories/GHSA-c2c7-rcm5-vvqj',
203 silly audit report       title: 'Picomatch has a ReDoS vulnerability via extglob quantifiers',
203 silly audit report       severity: 'high',
203 silly audit report       vulnerable_versions: '>=4.0.0 <4.0.4',
203 silly audit report       cwe: [Array],
203 silly audit report       cvss: [Object]
203 silly audit report     }
203 silly audit report   ],
203 silly audit report   postcss: [
203 silly audit report     {
203 silly audit report       id: 1117015,
203 silly audit report       url: 'https://github.com/advisories/GHSA-qx2v-qp2m-jg93',
203 silly audit report       title: 'PostCSS has XSS via Unescaped </style> in its CSS Stringify Output',
203 silly audit report       severity: 'moderate',
203 silly audit report       vulnerable_versions: '<8.5.10',
203 silly audit report       cwe: [Array],
203 silly audit report       cvss: [Object]
203 silly audit report     }
203 silly audit report   ],
203 silly audit report   'react-router': [
203 silly audit report     {
203 silly audit report       id: 1120063,
203 silly audit report       url: 'https://github.com/advisories/GHSA-49rj-9fvp-4h2h',
203 silly audit report       title: "React Router's vendored turbo-stream v2 allows arbitrary constructor invocation via TYPE_ERROR deserialization leading to Unauth RCE",
203 silly audit report       severity: 'high',
203 silly audit report       vulnerable_versions: '>=7.0.0 <=7.14.1',
203 silly audit report       cwe: [Array],
203 silly audit report       cvss: [Object]
203 silly audit report     },
203 silly audit report     {
203 silly audit report       id: 1120065,
203 silly audit report       url: 'https://github.com/advisories/GHSA-2j2x-hqr9-3h42',
203 silly audit report       title: "React Router's same-origin redirect with path starting // causes open redirect via protocol-relative URL reinterpretation",
203 silly audit report       severity: 'moderate',
203 silly audit report       vulnerable_versions: '>=7.0.0 <7.14.1',
203 silly audit report       cwe: [Array],
203 silly audit report       cvss: [Object]
203 silly audit report     },
203 silly audit report     {
203 silly audit report       id: 1120066,
203 silly audit report       url: 'https://github.com/advisories/GHSA-8646-j5j9-6r62',
203 silly audit report       title: 'React Router vulnerable to XSS in unstable RSC redirect handling via javascript: redirect targets',
203 silly audit report       severity: 'high',
203 silly audit report       vulnerable_versions: '>=7.7.0 <7.13.2',
203 silly audit report       cwe: [Array],
203 silly audit report       cvss: [Object]
203 silly audit report     },
203 silly audit report     {
203 silly audit report       id: 1120067,
203 silly audit report       url: 'https://github.com/advisories/GHSA-f22v-gfqf-p8f3',
203 silly audit report       title: 'React Router has stored XSS via unescaped Location header in prerendered redirect HTML',
203 silly audit report       severity: 'moderate',
203 silly audit report       vulnerable_versions: '>=7.5.1 <7.13.2',
203 silly audit report       cwe: [Array],
203 silly audit report       cvss: [Object]
203 silly audit report     },
203 silly audit report     {
203 silly audit report       id: 1120069,
203 silly audit report       url: 'https://github.com/advisories/GHSA-8x6r-g9mw-2r78',
203 silly audit report       title: 'React Router vulnerable to DoS via unbounded path expansion in __manifest endpoint',
203 silly audit report       severity: 'high',
203 silly audit report       vulnerable_versions: '>=7.0.0 <7.15.0',
203 silly audit report       cwe: [Array],
203 silly audit report       cvss: [Object]
203 silly audit report     },
203 silly audit report     {
203 silly audit report       id: 1120081,
203 silly audit report       url: 'https://github.com/advisories/GHSA-rxv8-25v2-qmq8',
203 silly audit report       title: 'React Router vulnerable to Denial of Service via reflected user input in single-fetch',
203 silly audit report       severity: 'high',
203 silly audit report       vulnerable_versions: '>=7.0.0 <7.14.0',
203 silly audit report       cwe: [Array],
203 silly audit report       cvss: [Object]
203 silly audit report     }
203 silly audit report   ],
203 silly audit report   vite: [
203 silly audit report     {
203 silly audit report       id: 1116229,
203 silly audit report       url: 'https://github.com/advisories/GHSA-4w7w-66w2-5vf9',
203 silly audit report       title: 'Vite Vulnerable to Path Traversal in Optimized Deps `.map` Handling',
203 silly audit report       severity: 'moderate',
203 silly audit report       vulnerable_versions: '<=6.4.1',
203 silly audit report       cwe: [Array],
203 silly audit report       cvss: [Object]
203 silly audit report     },
203 silly audit report     {
203 silly audit report       id: 1116234,
203 silly audit report       url: 'https://github.com/advisories/GHSA-p9ff-h696-f583',
203 silly audit report       title: 'Vite Vulnerable to Arbitrary File Read via Vite Dev Server WebSocket',
203 silly audit report       severity: 'high',
203 silly audit report       vulnerable_versions: '>=6.0.0 <=6.4.1',
203 silly audit report       cwe: [Array],
203 silly audit report       cvss: [Object]
203 silly audit report     }
203 silly audit report   ]
203 silly audit report }
204 silly packumentCache corgi:https://registry.npmjs.org/axios cache-miss
205 silly packumentCache corgi:https://registry.npmjs.org/follow-redirects cache-miss
206 silly packumentCache corgi:https://registry.npmjs.org/lodash cache-miss
207 silly packumentCache corgi:https://registry.npmjs.org/picomatch cache-miss
208 silly packumentCache corgi:https://registry.npmjs.org/postcss cache-miss
209 silly packumentCache corgi:https://registry.npmjs.org/react-router cache-miss
210 silly packumentCache corgi:https://registry.npmjs.org/vite cache-miss
211 http cache https://registry.npmjs.org/follow-redirects 36ms (cache hit)
212 silly packumentCache corgi:https://registry.npmjs.org/follow-redirects set size:88479 disposed:false
213 http cache https://registry.npmjs.org/lodash 39ms (cache hit)
214 silly packumentCache corgi:https://registry.npmjs.org/lodash set size:69555 disposed:false
215 http cache https://registry.npmjs.org/axios 45ms (cache hit)
216 silly packumentCache corgi:https://registry.npmjs.org/axios set size:292409 disposed:false
217 http cache https://registry.npmjs.org/postcss 56ms (cache hit)
218 silly packumentCache corgi:https://registry.npmjs.org/postcss set size:344717 disposed:false
219 http cache https://registry.npmjs.org/picomatch 65ms (cache hit)
220 silly packumentCache corgi:https://registry.npmjs.org/picomatch set size:44414 disposed:false
221 http cache https://registry.npmjs.org/vite 69ms (cache hit)
222 silly packumentCache corgi:https://registry.npmjs.org/vite set size:2261551 disposed:false
223 http cache https://registry.npmjs.org/react-router 97ms (cache hit)
224 silly packumentCache corgi:https://registry.npmjs.org/react-router set size:1333656 disposed:false
225 silly packumentCache corgi:https://registry.npmjs.org/recharts cache-miss
226 http cache https://registry.npmjs.org/recharts 13ms (cache hit)
227 silly packumentCache corgi:https://registry.npmjs.org/recharts set size:837908 disposed:false
228 silly packumentCache corgi:https://registry.npmjs.org/anymatch cache-miss
229 silly packumentCache corgi:https://registry.npmjs.org/micromatch cache-miss
230 silly packumentCache corgi:https://registry.npmjs.org/readdirp cache-miss
231 http cache https://registry.npmjs.org/readdirp 18ms (cache hit)
232 silly packumentCache corgi:https://registry.npmjs.org/readdirp set size:47123 disposed:false
233 http cache https://registry.npmjs.org/anymatch 20ms (cache hit)
234 silly packumentCache corgi:https://registry.npmjs.org/anymatch set size:18345 disposed:false
235 http cache https://registry.npmjs.org/micromatch 20ms (cache hit)
236 silly packumentCache corgi:https://registry.npmjs.org/micromatch set size:71776 disposed:false
237 silly packumentCache corgi:https://registry.npmjs.org/tinyglobby cache-miss
238 silly packumentCache corgi:https://registry.npmjs.org/fdir cache-miss
239 http cache https://registry.npmjs.org/fdir 10ms (cache hit)
240 silly packumentCache corgi:https://registry.npmjs.org/fdir set size:76905 disposed:false
241 http cache https://registry.npmjs.org/tinyglobby 11ms (cache hit)
242 silly packumentCache corgi:https://registry.npmjs.org/tinyglobby set size:19921 disposed:false
243 silly packumentCache corgi:https://registry.npmjs.org/autoprefixer cache-miss
244 silly packumentCache corgi:https://registry.npmjs.org/postcss-import cache-miss
245 silly packumentCache corgi:https://registry.npmjs.org/postcss-js cache-miss
246 silly packumentCache corgi:https://registry.npmjs.org/postcss-load-config cache-miss
247 silly packumentCache corgi:https://registry.npmjs.org/postcss-nested cache-miss
248 silly packumentCache corgi:https://registry.npmjs.org/tailwindcss cache-miss
249 http cache https://registry.npmjs.org/postcss-import 21ms (cache hit)
250 silly packumentCache corgi:https://registry.npmjs.org/postcss-import set size:52251 disposed:false
251 http cache https://registry.npmjs.org/autoprefixer 26ms (cache hit)
252 silly packumentCache corgi:https://registry.npmjs.org/autoprefixer set size:298545 disposed:false
253 http cache https://registry.npmjs.org/postcss-load-config 28ms (cache hit)
254 silly packumentCache corgi:https://registry.npmjs.org/postcss-load-config set size:37999 disposed:false
255 http cache https://registry.npmjs.org/postcss-js 31ms (cache hit)
256 silly packumentCache corgi:https://registry.npmjs.org/postcss-js set size:25314 disposed:false
257 http cache https://registry.npmjs.org/postcss-nested 33ms (cache hit)
258 silly packumentCache corgi:https://registry.npmjs.org/postcss-nested set size:41645 disposed:false
259 http cache https://registry.npmjs.org/tailwindcss 43ms (cache hit)
260 silly packumentCache corgi:https://registry.npmjs.org/tailwindcss set size:4728637 disposed:false
261 silly packumentCache corgi:https://registry.npmjs.org/react-router-dom cache-miss
262 http cache https://registry.npmjs.org/react-router-dom 27ms (cache hit)
263 silly packumentCache corgi:https://registry.npmjs.org/react-router-dom set size:1058676 disposed:false
264 silly packumentCache corgi:https://registry.npmjs.org/@vitejs%2fplugin-react cache-miss
265 http cache https://registry.npmjs.org/@vitejs%2fplugin-react 8ms (cache hit)
266 silly packumentCache corgi:https://registry.npmjs.org/@vitejs%2fplugin-react set size:113751 disposed:false
267 http fetch GET 200 https://registry.npmjs.org/@rollup/rollup-win32-x64-msvc/-/rollup-win32-x64-msvc-4.59.0.tgz 2031ms (cache miss)
268 http fetch GET 200 https://registry.npmjs.org/@rollup/rollup-win32-x64-gnu/-/rollup-win32-x64-gnu-4.59.0.tgz 2408ms (cache miss)
269 http fetch GET 200 https://registry.npmjs.org/@rollup/rollup-win32-x64-msvc/-/rollup-win32-x64-msvc-4.53.3.tgz 2648ms (cache miss)
270 silly ADD
271 silly ADD node_modules/@rollup/rollup-win32-x64-gnu
272 silly ADD
273 silly ADD
274 silly ADD
275 silly ADD
276 silly ADD
277 silly ADD
278 silly ADD
279 silly ADD
280 silly ADD
281 silly ADD
282 silly ADD
283 silly ADD
284 silly ADD
285 silly ADD
286 silly ADD
287 silly ADD
288 silly ADD
289 silly ADD
290 silly ADD
291 silly ADD
292 silly ADD
293 silly ADD
294 silly ADD node_modules/@rollup/rollup-win32-x64-msvc
295 silly ADD
296 silly ADD
297 silly ADD node_modules/rollup/node_modules/@rollup/rollup-win32-x64-msvc
298 verbose cwd C:\Lindan\webs\fin\frontend
299 verbose os Windows_NT 10.0.26200
300 verbose node v22.17.1
301 verbose npm  v10.9.2
302 verbose exit 0
303 info ok
